<?xml version="1.0" encoding="UTF-8"?>
<!-- Generated by org.testng.reporters.JUnitReportReporter -->
<testsuite skipped="0" hostname="cwksak01" name="runTestCases.TestDemoPage" tests="2" failures="0" timestamp="25 Aug 2017 12:28:12 GMT" time="17.038" errors="0">
  <testcase name="testDemoPage" time="14.900" classname="runTestCases.TestDemoPage"/>
  <testcase name="testAppLink" time="2.138" classname="runTestCases.TestDemoPage"/>
</testsuite> <!-- runTestCases.TestDemoPage -->
