<?xml version="1.0" encoding="UTF-8"?>
<!-- Generated by org.testng.reporters.JUnitReportReporter -->
<testsuite skipped="0" hostname="cwksak01" name="runTestCases.TestDemoPage" tests="2" failures="0" timestamp="22 Sep 2017 12:01:22 GMT" time="23.087" errors="0">
  <testcase name="testDemoPage" time="20.268" classname="runTestCases.TestDemoPage"/>
  <testcase name="testAppLink" time="2.819" classname="runTestCases.TestDemoPage"/>
</testsuite> <!-- runTestCases.TestDemoPage -->
