<?xml version="1.0" encoding="UTF-8"?>
<!-- Generated by org.testng.reporters.JUnitReportReporter -->
<testsuite skipped="0" hostname="cwksak01" name="runTestCases.TestDragAndDrop" tests="6" failures="0" timestamp="12 Sep 2017 12:01:17 GMT" time="3.815" errors="0">
  <testcase name="dragAndDrop" time="0.067" classname="runTestCases.TestDragAndDrop"/>
  <testcase name="dragAndDrop2" time="0.039" classname="runTestCases.TestDragAndDrop"/>
  <testcase name="dragAndDrop3" time="0.037" classname="runTestCases.TestDragAndDrop"/>
  <testcase name="dragAndDrop4" time="0.036" classname="runTestCases.TestDragAndDrop"/>
  <testcase name="dragAndDrop5" time="0.037" classname="runTestCases.TestDragAndDrop"/>
  <testcase name="testW3SchoolsDragAndDrop" time="3.599" classname="runTestCases.TestDragAndDrop"/>
</testsuite> <!-- runTestCases.TestDragAndDrop -->
