<?xml version="1.0" encoding="UTF-8"?>
<!-- Generated by org.testng.reporters.JUnitReportReporter -->
<testsuite skipped="0" hostname="cwksak01" name="runTestCases.TestDemoPage" tests="2" failures="0" timestamp="29 Aug 2017 19:10:47 GMT" time="22.612" errors="0">
  <testcase name="testDemoPage" time="19.703" classname="runTestCases.TestDemoPage"/>
  <testcase name="testAppLink" time="2.909" classname="runTestCases.TestDemoPage"/>
</testsuite> <!-- runTestCases.TestDemoPage -->
