<?xml version="1.0" encoding="UTF-8"?>
<!-- Generated by org.testng.reporters.JUnitReportReporter -->
<testsuite skipped="0" hostname="cwksak01" name="runTestCases.RunThirdSuite" tests="2" failures="0" timestamp="11 Sep 2017 12:02:21 GMT" time="2.924" errors="0">
  <testcase name="fillOutForm" time="1.586" classname="runTestCases.RunThirdSuite"/>
  <testcase name="fillOutForm" time="1.338" classname="runTestCases.RunThirdSuite"/>
</testsuite> <!-- runTestCases.RunThirdSuite -->
