<?xml version="1.0" encoding="UTF-8"?>
<!-- Generated by org.testng.reporters.JUnitReportReporter -->
<testsuite skipped="0" hostname="cwksak01" name="runTestCases.RunThirdSuite" tests="2" failures="0" timestamp="12 Sep 2017 12:01:17 GMT" time="2.343" errors="0">
  <testcase name="fillOutForm" time="1.067" classname="runTestCases.RunThirdSuite"/>
  <testcase name="fillOutForm" time="1.276" classname="runTestCases.RunThirdSuite"/>
</testsuite> <!-- runTestCases.RunThirdSuite -->
