<?xml version="1.0" encoding="UTF-8"?>
<!-- Generated by org.testng.reporters.JUnitReportReporter -->
<testsuite skipped="0" hostname="cwksak01" name="runTestCases.TestDemoPage" tests="2" failures="0" timestamp="06 Sep 2017 16:21:40 GMT" time="20.839" errors="0">
  <testcase name="testDemoPage" time="17.690" classname="runTestCases.TestDemoPage"/>
  <testcase name="testAppLink" time="3.149" classname="runTestCases.TestDemoPage"/>
</testsuite> <!-- runTestCases.TestDemoPage -->
