<?xml version="1.0" encoding="UTF-8"?>
<!-- Generated by org.testng.reporters.JUnitReportReporter -->
<testsuite skipped="0" hostname="cwksak01" name="runTestCases.TestDragAndDrop" tests="6" failures="0" timestamp="22 Sep 2017 12:01:22 GMT" time="3.801" errors="0">
  <testcase name="dragAndDrop" time="0.068" classname="runTestCases.TestDragAndDrop"/>
  <testcase name="dragAndDrop2" time="0.039" classname="runTestCases.TestDragAndDrop"/>
  <testcase name="dragAndDrop3" time="0.037" classname="runTestCases.TestDragAndDrop"/>
  <testcase name="dragAndDrop4" time="0.036" classname="runTestCases.TestDragAndDrop"/>
  <testcase name="dragAndDrop5" time="0.033" classname="runTestCases.TestDragAndDrop"/>
  <testcase name="testW3SchoolsDragAndDrop" time="3.588" classname="runTestCases.TestDragAndDrop"/>
</testsuite> <!-- runTestCases.TestDragAndDrop -->
