<?xml version="1.0" encoding="UTF-8"?>
<!-- Generated by org.testng.reporters.JUnitReportReporter -->
<testsuite skipped="0" hostname="cwksak01" name="runTestCases.RunThirdSuite" tests="2" failures="0" timestamp="06 Sep 2017 18:15:23 GMT" time="2.350" errors="0">
  <testcase name="fillOutForm" time="1.059" classname="runTestCases.RunThirdSuite"/>
  <testcase name="fillOutForm" time="1.291" classname="runTestCases.RunThirdSuite"/>
</testsuite> <!-- runTestCases.RunThirdSuite -->
