<?xml version="1.0" encoding="UTF-8"?>
<!-- Generated by org.testng.reporters.JUnitReportReporter -->
<testsuite skipped="0" hostname="cwksak01" name="runTestCases.TestDemoPage" tests="2" failures="0" timestamp="30 Aug 2017 11:14:11 GMT" time="29.972" errors="0">
  <testcase name="testDemoPage" time="25.389" classname="runTestCases.TestDemoPage"/>
  <testcase name="testAppLink" time="4.583" classname="runTestCases.TestDemoPage"/>
</testsuite> <!-- runTestCases.TestDemoPage -->
