<?xml version="1.0" encoding="UTF-8"?>
<!-- Generated by org.testng.reporters.JUnitReportReporter -->
<testsuite skipped="0" hostname="cwksak01" name="runTestCases.TestDemoPage" tests="2" failures="0" timestamp="08 Sep 2017 12:01:16 GMT" time="22.933" errors="0">
  <testcase name="testDemoPage" time="19.650" classname="runTestCases.TestDemoPage"/>
  <testcase name="testAppLink" time="3.283" classname="runTestCases.TestDemoPage"/>
</testsuite> <!-- runTestCases.TestDemoPage -->
