<?xml version="1.0" encoding="UTF-8"?>
<!-- Generated by org.testng.reporters.JUnitReportReporter -->
<testsuite skipped="0" hostname="cwksak01" name="runTestCases.TestDragAndDrop" tests="6" failures="0" timestamp="06 Sep 2017 16:21:40 GMT" time="4.263" errors="0">
  <testcase name="dragAndDrop" time="0.068" classname="runTestCases.TestDragAndDrop"/>
  <testcase name="dragAndDrop2" time="0.038" classname="runTestCases.TestDragAndDrop"/>
  <testcase name="dragAndDrop3" time="0.034" classname="runTestCases.TestDragAndDrop"/>
  <testcase name="dragAndDrop4" time="0.037" classname="runTestCases.TestDragAndDrop"/>
  <testcase name="dragAndDrop5" time="0.035" classname="runTestCases.TestDragAndDrop"/>
  <testcase name="testW3SchoolsDragAndDrop" time="4.051" classname="runTestCases.TestDragAndDrop"/>
</testsuite> <!-- runTestCases.TestDragAndDrop -->
