<?xml version="1.0" encoding="UTF-8"?>
<!-- Generated by org.testng.reporters.JUnitReportReporter -->
<testsuite skipped="0" hostname="cwksak01" name="runTestCases.RunThirdSuite" tests="2" failures="0" timestamp="29 Aug 2017 19:10:47 GMT" time="0.026" errors="0">
  <testcase name="verifyTitleText" time="0.005" classname="runTestCases.RunThirdSuite"/>
  <testcase name="checkFirstLink" time="0.021" classname="runTestCases.RunThirdSuite"/>
</testsuite> <!-- runTestCases.RunThirdSuite -->
