<?xml version="1.0" encoding="UTF-8"?>
<!-- Generated by org.testng.reporters.JUnitReportReporter -->
<testsuite skipped="0" hostname="cwksak01" name="runTestCases.RunThirdSuite" tests="2" failures="0" timestamp="15 Sep 2017 12:01:20 GMT" time="2.315" errors="0">
  <testcase name="fillOutForm" time="1.045" classname="runTestCases.RunThirdSuite"/>
  <testcase name="fillOutForm" time="1.270" classname="runTestCases.RunThirdSuite"/>
</testsuite> <!-- runTestCases.RunThirdSuite -->
