<?xml version="1.0" encoding="UTF-8"?>
<!-- Generated by org.testng.reporters.JUnitReportReporter -->
<testsuite skipped="0" hostname="cwksak01" name="runTestCases.RunExcelTestCase" tests="5" failures="0" timestamp="22 Sep 2017 12:01:22 GMT" time="17.131" errors="0">
  <testcase name="runExcelTest" time="2.548" classname="runTestCases.RunExcelTestCase"/>
  <testcase name="runExcelTest" time="3.653" classname="runTestCases.RunExcelTestCase"/>
  <testcase name="runExcelTest" time="1.615" classname="runTestCases.RunExcelTestCase"/>
  <testcase name="leaveAComment" time="4.206" classname="runTestCases.RunExcelTestCase"/>
  <testcase name="leaveAComment" time="5.109" classname="runTestCases.RunExcelTestCase"/>
</testsuite> <!-- runTestCases.RunExcelTestCase -->
