<?xml version="1.0" encoding="UTF-8"?>
<!-- Generated by org.testng.reporters.JUnitReportReporter -->
<testsuite skipped="0" hostname="cwksak01" name="runTestCases.RunThirdSuite" tests="2" failures="0" timestamp="21 Sep 2017 12:01:21 GMT" time="2.385" errors="0">
  <testcase name="fillOutForm" time="1.304" classname="runTestCases.RunThirdSuite"/>
  <testcase name="fillOutForm" time="1.081" classname="runTestCases.RunThirdSuite"/>
</testsuite> <!-- runTestCases.RunThirdSuite -->
