<?xml version="1.0" encoding="UTF-8"?>
<!-- Generated by org.testng.reporters.JUnitReportReporter -->
<testsuite skipped="0" hostname="cwksak01" name="runTestCases.TestDemoPage" tests="2" failures="0" timestamp="21 Sep 2017 12:01:21 GMT" time="23.788" errors="0">
  <testcase name="testDemoPage" time="21.436" classname="runTestCases.TestDemoPage"/>
  <testcase name="testAppLink" time="2.352" classname="runTestCases.TestDemoPage"/>
</testsuite> <!-- runTestCases.TestDemoPage -->
