<?xml version="1.0" encoding="UTF-8"?>
<!-- Generated by org.testng.reporters.JUnitReportReporter -->
<testsuite skipped="0" hostname="cwksak01" name="runTestCases.TestDemoPage" tests="2" failures="0" timestamp="29 Aug 2017 17:46:25 GMT" time="21.206" errors="0">
  <testcase name="testDemoPage" time="18.932" classname="runTestCases.TestDemoPage"/>
  <testcase name="testAppLink" time="2.274" classname="runTestCases.TestDemoPage"/>
</testsuite> <!-- runTestCases.TestDemoPage -->
