<?xml version="1.0" encoding="UTF-8"?>
<!-- Generated by org.testng.reporters.JUnitReportReporter -->
<testsuite skipped="0" hostname="cwksak01" name="runTestCases.RunExcelTestCase" tests="5" failures="0" timestamp="15 Sep 2017 12:01:20 GMT" time="14.896" errors="0">
  <testcase name="runExcelTest" time="3.393" classname="runTestCases.RunExcelTestCase"/>
  <testcase name="runExcelTest" time="2.065" classname="runTestCases.RunExcelTestCase"/>
  <testcase name="runExcelTest" time="2.331" classname="runTestCases.RunExcelTestCase"/>
  <testcase name="leaveAComment" time="3.672" classname="runTestCases.RunExcelTestCase"/>
  <testcase name="leaveAComment" time="3.435" classname="runTestCases.RunExcelTestCase"/>
</testsuite> <!-- runTestCases.RunExcelTestCase -->
