<?xml version="1.0" encoding="UTF-8"?>
<!-- Generated by org.testng.reporters.JUnitReportReporter -->
<testsuite skipped="0" hostname="cwksak01" name="runTestCases.TestDemoPage" tests="2" failures="0" timestamp="15 Sep 2017 12:01:20 GMT" time="20.322" errors="0">
  <testcase name="testDemoPage" time="18.109" classname="runTestCases.TestDemoPage"/>
  <testcase name="testAppLink" time="2.213" classname="runTestCases.TestDemoPage"/>
</testsuite> <!-- runTestCases.TestDemoPage -->
