<?xml version="1.0" encoding="UTF-8"?>
<!-- Generated by org.testng.reporters.JUnitReportReporter -->
<testsuite skipped="0" hostname="cwksak01" name="runTestCases.TestDemoPage" tests="2" failures="0" timestamp="11 Sep 2017 12:02:21 GMT" time="25.469" errors="0">
  <testcase name="testDemoPage" time="21.903" classname="runTestCases.TestDemoPage"/>
  <testcase name="testAppLink" time="3.566" classname="runTestCases.TestDemoPage"/>
</testsuite> <!-- runTestCases.TestDemoPage -->
