<?xml version="1.0" encoding="UTF-8"?>
<!-- Generated by org.testng.reporters.JUnitReportReporter -->
<testsuite skipped="5" hostname="cwksak01" name="runTestCases.RunExcelTestCase" tests="6" failures="0" timestamp="06 Sep 2017 16:15:51 GMT" time="47.211" errors="1">
  <testcase name="setUp" time="47.211" classname="runTestCases.RunExcelTestCase">
    <error type="org.openqa.selenium.WebDriverException" message="Failed to connect to binary FirefoxBinary(C:\Program Files (x86)\Mozilla Firefox\firefox.exe) on port 7055; process output follows: 
compat@mozilla.org.xpi
1504714506261	addons.xpi	DEBUG	Loading bootstrap scope from C:\Program Files (x86)\Mozilla Firefox\browser\features\webcompat@mozilla.org.xpi
1504714506263	addons.xpi	DEBUG	Calling bootstrap method startup on webcompat@mozilla.org version 1.1
1504714506270	addons.manager	DEBUG	Registering shutdown blocker for XPIProvider
1504714506271	addons.manager	DEBUG	Provider finished startup: XPIProvider
1504714506271	addons.manager	DEBUG	Starting provider: LightweightThemeManager
1504714506271	addons.manager	DEBUG	Registering shutdown blocker for LightweightThemeManager
1504714506271	addons.manager	DEBUG	Provider finished startup: LightweightThemeManager
1504714506271	addons.manager	DEBUG	Starting provider: GMPProvider
1504714506284	addons.manager	DEBUG	Registering shutdown blocker for GMPProvider
1504714506285	addons.manager	DEBUG	Provider finished startup: GMPProvider
1504714506285	addons.manager	DEBUG	Starting provider: PluginProvider
1504714506285	addons.manager	DEBUG	Registering shutdown blocker for PluginProvider
1504714506285	addons.manager	DEBUG	Provider finished startup: PluginProvider
1504714506285	addons.manager	DEBUG	Completed startup sequence
1504714506611	addons.xpi-utils	DEBUG	Async JSON file read took 0 MS
1504714506611	addons.xpi-utils	DEBUG	Finished async read of XPI database, parsing...
1504714506613	addons.xpi-utils	DEBUG	Successfully read XPI database
1504714506624	addons.manager	DEBUG	Starting provider: &lt;unnamed-provider&gt;
1504714506624	addons.manager	DEBUG	Registering shutdown blocker for &lt;unnamed-provider&gt;
1504714506625	addons.manager	DEBUG	Provider finished startup: &lt;unnamed-provider&gt;
*** Blocklist::_loadBlocklistFromFile: blocklist is disabled
1504714506734	addons.manager	DEBUG	Starting provider: PreviousExperimentProvider
1504714506734	addons.manager	DEBUG	Registering shutdown blocker for PreviousExperimentProvider
1504714506734	addons.manager	DEBUG	Provider finished startup: PreviousExperimentProvider
1504714521140	addons.xpi	DEBUG	Calling bootstrap method shutdown on webcompat@mozilla.org version 1.1
1504714521141	addons.xpi	DEBUG	Calling bootstrap method shutdown on screenshots@mozilla.org version 6.6.0
1504714521141	addons.xpi	DEBUG	Calling bootstrap method shutdown on firefox@getpocket.com version 1.0.5
1504714521142	addons.xpi	DEBUG	Calling bootstrap method shutdown on e10srollout@mozilla.org version 1.50
1504714521143	addons.xpi	DEBUG	Calling bootstrap method shutdown on aushelper@mozilla.org version 2.0
[GPU 2320] WARNING: pipe error: 109: file c:/builds/moz2_slave/m-rel-w32-00000000000000000000/build/src/ipc/chromium/src/chrome/common/ipc_channel_win.cc, line 346
[Child 10276] WARNING: pipe error: 109: file c:/builds/moz2_slave/m-rel-w32-00000000000000000000/build/src/ipc/chromium/src/chrome/common/ipc_channel_win.cc, line 346
[Child 10276] WARNING: pipe error: 109: file c:/builds/moz2_slave/m-rel-w32-00000000000000000000/build/src/ipc/chromium/src/chrome/common/ipc_channel_win.cc, line 346
1504714521271	addons.manager	DEBUG	shutdown
1504714521271	addons.manager	DEBUG	Calling shutdown blocker for XPIProvider
1504714521271	addons.xpi	DEBUG	shutdown
1504714521271	addons.xpi-utils	DEBUG	shutdown
1504714521272	addons.manager	DEBUG	Calling shutdown blocker for LightweightThemeManager
1504714521272	addons.manager	DEBUG	Calling shutdown blocker for GMPProvider
1504714521274	addons.manager	DEBUG	Calling shutdown blocker for PluginProvider
1504714521274	addons.manager	DEBUG	Calling shutdown blocker for &lt;unnamed-provider&gt;
1504714521276	addons.manager	DEBUG	Calling shutdown blocker for PreviousExperimentProvider
1504714521277	addons.xpi	DEBUG	Notifying XPI shutdown observers
1504714521280	addons.manager	DEBUG	Async provider shutdown done
JavaScript error: resource://gre/components/nsUrlClassifierListManager.js, line 337: NS_ERROR_NOT_INITIALIZED: Component returned failure code: 0xc1f30001 (NS_ERROR_NOT_INITIALIZED) [nsIUrlClassifierDBService.getTables]

###!!! [Child][MessageChannel::SendAndWait] Error: Channel error: cannot send/recv


Build info: version: &#039;2.45.0&#039;, revision: &#039;5017cb8e7ca8e37638dc3091b2440b90a1d8686f&#039;, time: &#039;2015-02-27 09:10:26&#039;
System info: host: &#039;cwksak01&#039;, ip: &#039;10.185.4.150&#039;, os.name: &#039;Windows 7&#039;, os.arch: &#039;x86&#039;, os.version: &#039;6.1&#039;, java.version: &#039;1.8.0_101&#039;
Driver info: driver.version: FirefoxDriver">
      <![CDATA[org.openqa.selenium.WebDriverException: Failed to connect to binary FirefoxBinary(C:\Program Files (x86)\Mozilla Firefox\firefox.exe) on port 7055; process output follows: 
compat@mozilla.org.xpi
1504714506261	addons.xpi	DEBUG	Loading bootstrap scope from C:\Program Files (x86)\Mozilla Firefox\browser\features\webcompat@mozilla.org.xpi
1504714506263	addons.xpi	DEBUG	Calling bootstrap method startup on webcompat@mozilla.org version 1.1
1504714506270	addons.manager	DEBUG	Registering shutdown blocker for XPIProvider
1504714506271	addons.manager	DEBUG	Provider finished startup: XPIProvider
1504714506271	addons.manager	DEBUG	Starting provider: LightweightThemeManager
1504714506271	addons.manager	DEBUG	Registering shutdown blocker for LightweightThemeManager
1504714506271	addons.manager	DEBUG	Provider finished startup: LightweightThemeManager
1504714506271	addons.manager	DEBUG	Starting provider: GMPProvider
1504714506284	addons.manager	DEBUG	Registering shutdown blocker for GMPProvider
1504714506285	addons.manager	DEBUG	Provider finished startup: GMPProvider
1504714506285	addons.manager	DEBUG	Starting provider: PluginProvider
1504714506285	addons.manager	DEBUG	Registering shutdown blocker for PluginProvider
1504714506285	addons.manager	DEBUG	Provider finished startup: PluginProvider
1504714506285	addons.manager	DEBUG	Completed startup sequence
1504714506611	addons.xpi-utils	DEBUG	Async JSON file read took 0 MS
1504714506611	addons.xpi-utils	DEBUG	Finished async read of XPI database, parsing...
1504714506613	addons.xpi-utils	DEBUG	Successfully read XPI database
1504714506624	addons.manager	DEBUG	Starting provider: <unnamed-provider>
1504714506624	addons.manager	DEBUG	Registering shutdown blocker for <unnamed-provider>
1504714506625	addons.manager	DEBUG	Provider finished startup: <unnamed-provider>
*** Blocklist::_loadBlocklistFromFile: blocklist is disabled
1504714506734	addons.manager	DEBUG	Starting provider: PreviousExperimentProvider
1504714506734	addons.manager	DEBUG	Registering shutdown blocker for PreviousExperimentProvider
1504714506734	addons.manager	DEBUG	Provider finished startup: PreviousExperimentProvider
1504714521140	addons.xpi	DEBUG	Calling bootstrap method shutdown on webcompat@mozilla.org version 1.1
1504714521141	addons.xpi	DEBUG	Calling bootstrap method shutdown on screenshots@mozilla.org version 6.6.0
1504714521141	addons.xpi	DEBUG	Calling bootstrap method shutdown on firefox@getpocket.com version 1.0.5
1504714521142	addons.xpi	DEBUG	Calling bootstrap method shutdown on e10srollout@mozilla.org version 1.50
1504714521143	addons.xpi	DEBUG	Calling bootstrap method shutdown on aushelper@mozilla.org version 2.0
[GPU 2320] WARNING: pipe error: 109: file c:/builds/moz2_slave/m-rel-w32-00000000000000000000/build/src/ipc/chromium/src/chrome/common/ipc_channel_win.cc, line 346
[Child 10276] WARNING: pipe error: 109: file c:/builds/moz2_slave/m-rel-w32-00000000000000000000/build/src/ipc/chromium/src/chrome/common/ipc_channel_win.cc, line 346
[Child 10276] WARNING: pipe error: 109: file c:/builds/moz2_slave/m-rel-w32-00000000000000000000/build/src/ipc/chromium/src/chrome/common/ipc_channel_win.cc, line 346
1504714521271	addons.manager	DEBUG	shutdown
1504714521271	addons.manager	DEBUG	Calling shutdown blocker for XPIProvider
1504714521271	addons.xpi	DEBUG	shutdown
1504714521271	addons.xpi-utils	DEBUG	shutdown
1504714521272	addons.manager	DEBUG	Calling shutdown blocker for LightweightThemeManager
1504714521272	addons.manager	DEBUG	Calling shutdown blocker for GMPProvider
1504714521274	addons.manager	DEBUG	Calling shutdown blocker for PluginProvider
1504714521274	addons.manager	DEBUG	Calling shutdown blocker for <unnamed-provider>
1504714521276	addons.manager	DEBUG	Calling shutdown blocker for PreviousExperimentProvider
1504714521277	addons.xpi	DEBUG	Notifying XPI shutdown observers
1504714521280	addons.manager	DEBUG	Async provider shutdown done
JavaScript error: resource://gre/components/nsUrlClassifierListManager.js, line 337: NS_ERROR_NOT_INITIALIZED: Component returned failure code: 0xc1f30001 (NS_ERROR_NOT_INITIALIZED) [nsIUrlClassifierDBService.getTables]

###!!! [Child][MessageChannel::SendAndWait] Error: Channel error: cannot send/recv


Build info: version: '2.45.0', revision: '5017cb8e7ca8e37638dc3091b2440b90a1d8686f', time: '2015-02-27 09:10:26'
System info: host: 'cwksak01', ip: '10.185.4.150', os.name: 'Windows 7', os.arch: 'x86', os.version: '6.1', java.version: '1.8.0_101'
Driver info: driver.version: FirefoxDriver
	at org.openqa.selenium.firefox.internal.NewProfileExtensionConnection.start(NewProfileExtensionConnection.java:130)
	at org.openqa.selenium.firefox.FirefoxDriver.startClient(FirefoxDriver.java:246)
	at org.openqa.selenium.remote.RemoteWebDriver.<init>(RemoteWebDriver.java:114)
	at org.openqa.selenium.firefox.FirefoxDriver.<init>(FirefoxDriver.java:191)
	at org.openqa.selenium.firefox.FirefoxDriver.<init>(FirefoxDriver.java:186)
	at org.openqa.selenium.firefox.FirefoxDriver.<init>(FirefoxDriver.java:182)
	at org.openqa.selenium.firefox.FirefoxDriver.<init>(FirefoxDriver.java:95)
	at runTestCases.RunExcelTestCase.setUp(RunExcelTestCase.java:38)
	at sun.reflect.NativeMethodAccessorImpl.invoke0(Native Method)
	at sun.reflect.NativeMethodAccessorImpl.invoke(Unknown Source)
	at sun.reflect.DelegatingMethodAccessorImpl.invoke(Unknown Source)
	at java.lang.reflect.Method.invoke(Unknown Source)
	at org.testng.internal.MethodInvocationHelper.invokeMethod(MethodInvocationHelper.java:108)
	at org.testng.internal.Invoker.invokeConfigurationMethod(Invoker.java:523)
	at org.testng.internal.Invoker.invokeConfigurations(Invoker.java:224)
	at org.testng.internal.Invoker.invokeConfigurations(Invoker.java:146)
	at org.testng.TestRunner.beforeRun(TestRunner.java:626)
	at org.testng.TestRunner.run(TestRunner.java:594)
	at org.testng.SuiteRunner.runTest(SuiteRunner.java:380)
	at org.testng.SuiteRunner.runSequentially(SuiteRunner.java:375)
	at org.testng.SuiteRunner.privateRun(SuiteRunner.java:340)
	at org.testng.SuiteRunner.run(SuiteRunner.java:289)
	at org.testng.SuiteRunnerWorker.runSuite(SuiteRunnerWorker.java:52)
	at org.testng.SuiteRunnerWorker.run(SuiteRunnerWorker.java:86)
	at org.testng.TestNG.runSuitesSequentially(TestNG.java:1301)
	at org.testng.TestNG.runSuitesLocally(TestNG.java:1226)
	at org.testng.TestNG.runSuites(TestNG.java:1144)
	at org.testng.TestNG.run(TestNG.java:1115)
	at org.apache.maven.surefire.testng.TestNGExecutor.run(TestNGExecutor.java:177)
	at org.apache.maven.surefire.testng.TestNGXmlTestSuite.execute(TestNGXmlTestSuite.java:92)
	at org.apache.maven.surefire.testng.TestNGProvider.invoke(TestNGProvider.java:105)
	at sun.reflect.NativeMethodAccessorImpl.invoke0(Native Method)
	at sun.reflect.NativeMethodAccessorImpl.invoke(Unknown Source)
	at sun.reflect.DelegatingMethodAccessorImpl.invoke(Unknown Source)
	at java.lang.reflect.Method.invoke(Unknown Source)
	at org.apache.maven.surefire.util.ReflectionUtils.invokeMethodWithArray(ReflectionUtils.java:189)
	at org.apache.maven.surefire.booter.ProviderFactory$ProviderProxy.invoke(ProviderFactory.java:165)
	at org.apache.maven.surefire.booter.ProviderFactory.invokeProvider(ProviderFactory.java:85)
	at org.apache.maven.surefire.booter.ForkedBooter.runSuitesInProcess(ForkedBooter.java:103)
	at org.apache.maven.surefire.booter.ForkedBooter.main(ForkedBooter.java:74)
Caused by: org.openqa.selenium.firefox.NotConnectedException: Unable to connect to host 127.0.0.1 on port 7055 after 45000 ms. Firefox console output:
compat@mozilla.org.xpi
1504714506261	addons.xpi	DEBUG	Loading bootstrap scope from C:\Program Files (x86)\Mozilla Firefox\browser\features\webcompat@mozilla.org.xpi
1504714506263	addons.xpi	DEBUG	Calling bootstrap method startup on webcompat@mozilla.org version 1.1
1504714506270	addons.manager	DEBUG	Registering shutdown blocker for XPIProvider
1504714506271	addons.manager	DEBUG	Provider finished startup: XPIProvider
1504714506271	addons.manager	DEBUG	Starting provider: LightweightThemeManager
1504714506271	addons.manager	DEBUG	Registering shutdown blocker for LightweightThemeManager
1504714506271	addons.manager	DEBUG	Provider finished startup: LightweightThemeManager
1504714506271	addons.manager	DEBUG	Starting provider: GMPProvider
1504714506284	addons.manager	DEBUG	Registering shutdown blocker for GMPProvider
1504714506285	addons.manager	DEBUG	Provider finished startup: GMPProvider
1504714506285	addons.manager	DEBUG	Starting provider: PluginProvider
1504714506285	addons.manager	DEBUG	Registering shutdown blocker for PluginProvider
1504714506285	addons.manager	DEBUG	Provider finished startup: PluginProvider
1504714506285	addons.manager	DEBUG	Completed startup sequence
1504714506611	addons.xpi-utils	DEBUG	Async JSON file read took 0 MS
1504714506611	addons.xpi-utils	DEBUG	Finished async read of XPI database, parsing...
1504714506613	addons.xpi-utils	DEBUG	Successfully read XPI database
1504714506624	addons.manager	DEBUG	Starting provider: <unnamed-provider>
1504714506624	addons.manager	DEBUG	Registering shutdown blocker for <unnamed-provider>
1504714506625	addons.manager	DEBUG	Provider finished startup: <unnamed-provider>
*** Blocklist::_loadBlocklistFromFile: blocklist is disabled
1504714506734	addons.manager	DEBUG	Starting provider: PreviousExperimentProvider
1504714506734	addons.manager	DEBUG	Registering shutdown blocker for PreviousExperimentProvider
1504714506734	addons.manager	DEBUG	Provider finished startup: PreviousExperimentProvider
1504714521140	addons.xpi	DEBUG	Calling bootstrap method shutdown on webcompat@mozilla.org version 1.1
1504714521141	addons.xpi	DEBUG	Calling bootstrap method shutdown on screenshots@mozilla.org version 6.6.0
1504714521141	addons.xpi	DEBUG	Calling bootstrap method shutdown on firefox@getpocket.com version 1.0.5
1504714521142	addons.xpi	DEBUG	Calling bootstrap method shutdown on e10srollout@mozilla.org version 1.50
1504714521143	addons.xpi	DEBUG	Calling bootstrap method shutdown on aushelper@mozilla.org version 2.0
[GPU 2320] WARNING: pipe error: 109: file c:/builds/moz2_slave/m-rel-w32-00000000000000000000/build/src/ipc/chromium/src/chrome/common/ipc_channel_win.cc, line 346
[Child 10276] WARNING: pipe error: 109: file c:/builds/moz2_slave/m-rel-w32-00000000000000000000/build/src/ipc/chromium/src/chrome/common/ipc_channel_win.cc, line 346
[Child 10276] WARNING: pipe error: 109: file c:/builds/moz2_slave/m-rel-w32-00000000000000000000/build/src/ipc/chromium/src/chrome/common/ipc_channel_win.cc, line 346
1504714521271	addons.manager	DEBUG	shutdown
1504714521271	addons.manager	DEBUG	Calling shutdown blocker for XPIProvider
1504714521271	addons.xpi	DEBUG	shutdown
1504714521271	addons.xpi-utils	DEBUG	shutdown
1504714521272	addons.manager	DEBUG	Calling shutdown blocker for LightweightThemeManager
1504714521272	addons.manager	DEBUG	Calling shutdown blocker for GMPProvider
1504714521274	addons.manager	DEBUG	Calling shutdown blocker for PluginProvider
1504714521274	addons.manager	DEBUG	Calling shutdown blocker for <unnamed-provider>
1504714521276	addons.manager	DEBUG	Calling shutdown blocker for PreviousExperimentProvider
1504714521277	addons.xpi	DEBUG	Notifying XPI shutdown observers
1504714521280	addons.manager	DEBUG	Async provider shutdown done
JavaScript error: resource://gre/components/nsUrlClassifierListManager.js, line 337: NS_ERROR_NOT_INITIALIZED: Component returned failure code: 0xc1f30001 (NS_ERROR_NOT_INITIALIZED) [nsIUrlClassifierDBService.getTables]

###!!! [Child][MessageChannel::SendAndWait] Error: Channel error: cannot send/recv


	at org.openqa.selenium.firefox.internal.NewProfileExtensionConnection.start(NewProfileExtensionConnection.java:118)
	... 39 more
]]>
    </error>
  </testcase> <!-- setUp -->
  <testcase name="runExcelTest" time="0.000" classname="runTestCases.RunExcelTestCase">
    <skipped/>
  </testcase> <!-- runExcelTest -->
  <testcase name="runExcelTest" time="0.000" classname="runTestCases.RunExcelTestCase">
    <skipped/>
  </testcase> <!-- runExcelTest -->
  <testcase name="runExcelTest" time="0.000" classname="runTestCases.RunExcelTestCase">
    <skipped/>
  </testcase> <!-- runExcelTest -->
  <testcase name="leaveAComment" time="0.000" classname="runTestCases.RunExcelTestCase">
    <skipped/>
  </testcase> <!-- leaveAComment -->
  <testcase name="leaveAComment" time="0.000" classname="runTestCases.RunExcelTestCase">
    <skipped/>
  </testcase> <!-- leaveAComment -->
</testsuite> <!-- runTestCases.RunExcelTestCase -->
