<?xml version="1.0" encoding="UTF-8"?>
<!-- Generated by org.testng.reporters.JUnitReportReporter -->
<testsuite skipped="0" hostname="cwksak01" name="runTestCases.RunThirdSuite" tests="2" failures="0" timestamp="06 Sep 2017 16:21:40 GMT" time="2.363" errors="0">
  <testcase name="fillOutForm" time="1.298" classname="runTestCases.RunThirdSuite"/>
  <testcase name="fillOutForm" time="1.065" classname="runTestCases.RunThirdSuite"/>
</testsuite> <!-- runTestCases.RunThirdSuite -->
