<?xml version="1.0" encoding="UTF-8"?>
<!-- Generated by org.testng.reporters.JUnitReportReporter -->
<testsuite skipped="0" hostname="cwksak01" name="runTestCases.RunThirdSuite" tests="2" failures="0" timestamp="19 Sep 2017 12:01:17 GMT" time="2.381" errors="0">
  <testcase name="fillOutForm" time="1.070" classname="runTestCases.RunThirdSuite"/>
  <testcase name="fillOutForm" time="1.311" classname="runTestCases.RunThirdSuite"/>
</testsuite> <!-- runTestCases.RunThirdSuite -->
