<?xml version="1.0" encoding="UTF-8"?>
<!-- Generated by org.testng.reporters.JUnitReportReporter -->
<testsuite skipped="0" hostname="cwksak01" name="runTestCases.TestDemoPage" tests="2" failures="0" timestamp="19 Sep 2017 12:01:17 GMT" time="21.368" errors="0">
  <testcase name="testDemoPage" time="19.166" classname="runTestCases.TestDemoPage"/>
  <testcase name="testAppLink" time="2.202" classname="runTestCases.TestDemoPage"/>
</testsuite> <!-- runTestCases.TestDemoPage -->
