<?xml version="1.0" encoding="UTF-8"?>
<!-- Generated by org.testng.reporters.JUnitReportReporter -->
<testsuite skipped="0" hostname="cwksak01" name="runTestCases.RunExcelTestCase" tests="5" failures="0" timestamp="06 Sep 2017 16:21:40 GMT" time="14.113" errors="0">
  <testcase name="runExcelTest" time="2.206" classname="runTestCases.RunExcelTestCase"/>
  <testcase name="runExcelTest" time="2.205" classname="runTestCases.RunExcelTestCase"/>
  <testcase name="runExcelTest" time="1.548" classname="runTestCases.RunExcelTestCase"/>
  <testcase name="leaveAComment" time="4.615" classname="runTestCases.RunExcelTestCase"/>
  <testcase name="leaveAComment" time="3.539" classname="runTestCases.RunExcelTestCase"/>
</testsuite> <!-- runTestCases.RunExcelTestCase -->
