<?xml version="1.0" encoding="UTF-8"?>
<!-- Generated by org.testng.reporters.JUnitReportReporter -->
<testsuite skipped="0" hostname="cwksak01" name="runTestCases.RunExcelTestCase" tests="5" failures="0" timestamp="21 Sep 2017 12:01:21 GMT" time="14.322" errors="0">
  <testcase name="runExcelTest" time="1.888" classname="runTestCases.RunExcelTestCase"/>
  <testcase name="runExcelTest" time="1.971" classname="runTestCases.RunExcelTestCase"/>
  <testcase name="runExcelTest" time="2.102" classname="runTestCases.RunExcelTestCase"/>
  <testcase name="leaveAComment" time="3.838" classname="runTestCases.RunExcelTestCase"/>
  <testcase name="leaveAComment" time="4.523" classname="runTestCases.RunExcelTestCase"/>
</testsuite> <!-- runTestCases.RunExcelTestCase -->
