<?xml version="1.0" encoding="UTF-8"?>
<!-- Generated by org.testng.reporters.JUnitReportReporter -->
<testsuite skipped="0" hostname="cwksak01" name="runTestCases.TestDemoPage" tests="2" failures="0" timestamp="31 Aug 2017 19:07:06 GMT" time="21.521" errors="0">
  <testcase name="testDemoPage" time="18.074" classname="runTestCases.TestDemoPage"/>
  <testcase name="testAppLink" time="3.447" classname="runTestCases.TestDemoPage"/>
</testsuite> <!-- runTestCases.TestDemoPage -->
