<?xml version="1.0" encoding="UTF-8"?>
<!-- Generated by org.testng.reporters.JUnitReportReporter -->
<testsuite skipped="0" hostname="cwksak01" name="runTestCases.TestDemoPage" tests="2" failures="0" timestamp="06 Sep 2017 18:15:23 GMT" time="19.912" errors="0">
  <testcase name="testDemoPage" time="16.894" classname="runTestCases.TestDemoPage"/>
  <testcase name="testAppLink" time="3.018" classname="runTestCases.TestDemoPage"/>
</testsuite> <!-- runTestCases.TestDemoPage -->
