<?xml version="1.0" encoding="UTF-8"?>
<!-- Generated by org.testng.reporters.JUnitReportReporter -->
<testsuite skipped="0" hostname="cwksak01" name="runTestCases.RunExcelTestCase" tests="5" failures="0" timestamp="19 Sep 2017 12:01:17 GMT" time="17.950" errors="0">
  <testcase name="runExcelTest" time="2.268" classname="runTestCases.RunExcelTestCase"/>
  <testcase name="runExcelTest" time="2.510" classname="runTestCases.RunExcelTestCase"/>
  <testcase name="runExcelTest" time="4.798" classname="runTestCases.RunExcelTestCase"/>
  <testcase name="leaveAComment" time="4.220" classname="runTestCases.RunExcelTestCase"/>
  <testcase name="leaveAComment" time="4.154" classname="runTestCases.RunExcelTestCase"/>
</testsuite> <!-- runTestCases.RunExcelTestCase -->
