<?xml version="1.0" encoding="UTF-8"?>
<!-- Generated by org.testng.reporters.JUnitReportReporter -->
<testsuite skipped="0" hostname="cwksak01" name="runTestCases.TestDragAndDrop" tests="6" failures="0" timestamp="15 Sep 2017 12:01:20 GMT" time="3.631" errors="0">
  <testcase name="dragAndDrop" time="0.102" classname="runTestCases.TestDragAndDrop"/>
  <testcase name="dragAndDrop2" time="0.038" classname="runTestCases.TestDragAndDrop"/>
  <testcase name="dragAndDrop3" time="0.037" classname="runTestCases.TestDragAndDrop"/>
  <testcase name="dragAndDrop4" time="0.036" classname="runTestCases.TestDragAndDrop"/>
  <testcase name="dragAndDrop5" time="0.034" classname="runTestCases.TestDragAndDrop"/>
  <testcase name="testW3SchoolsDragAndDrop" time="3.384" classname="runTestCases.TestDragAndDrop"/>
</testsuite> <!-- runTestCases.TestDragAndDrop -->
