<?xml version="1.0" encoding="UTF-8"?>
<!-- Generated by org.testng.reporters.JUnitReportReporter -->
<testsuite skipped="2" hostname="cwksak01" name="runTestCases.RunThirdSuite" tests="3" failures="0" timestamp="06 Sep 2017 16:15:51 GMT" time="49.282" errors="1">
  <testcase name="setUp" time="49.282" classname="runTestCases.RunThirdSuite">
    <error type="org.openqa.selenium.WebDriverException" message="Failed to connect to binary FirefoxBinary(C:\Program Files (x86)\Mozilla Firefox\firefox.exe) on port 7055; process output follows: 
bal&quot;:{&quot;{972ce4c6-7e08-4474-a285-3208198ce6fd}&quot;:{&quot;d&quot;:&quot;C:\\Program Files (x86)\\Mozilla Firefox\\browser\\extensions\\{972ce4c6-7e08-4474-a285-3208198ce6fd}.xpi&quot;,&quot;e&quot;:true,&quot;v&quot;:&quot;54.0&quot;,&quot;st&quot;:1496949712000}}}
1504714456616	addons.xpi	DEBUG	No changes found
1504714456624	addons.xpi	DEBUG	Registering manifest for C:\Program Files (x86)\Mozilla Firefox\browser\features\aushelper@mozilla.org.xpi
1504714456625	addons.xpi	DEBUG	Loading bootstrap scope from C:\Program Files (x86)\Mozilla Firefox\browser\features\aushelper@mozilla.org.xpi
1504714456629	addons.xpi	DEBUG	Calling bootstrap method startup on aushelper@mozilla.org version 2.0
1504714456630	addons.xpi	DEBUG	Registering manifest for C:\Program Files (x86)\Mozilla Firefox\browser\features\e10srollout@mozilla.org.xpi
1504714456630	addons.xpi	DEBUG	Loading bootstrap scope from C:\Program Files (x86)\Mozilla Firefox\browser\features\e10srollout@mozilla.org.xpi
1504714456633	addons.xpi	DEBUG	Calling bootstrap method startup on e10srollout@mozilla.org version 1.50
1504714456633	addons.xpi	DEBUG	Registering manifest for C:\Program Files (x86)\Mozilla Firefox\browser\features\firefox@getpocket.com.xpi
1504714456634	addons.xpi	DEBUG	Loading bootstrap scope from C:\Program Files (x86)\Mozilla Firefox\browser\features\firefox@getpocket.com.xpi
1504714456637	addons.xpi	DEBUG	Calling bootstrap method startup on firefox@getpocket.com version 1.0.5
1504714456642	addons.xpi-utils	DEBUG	Starting async load of XPI database C:\Users\AARON~1.KLA\AppData\Local\Temp\anonymous2538404608326529609webdriver-profile\extensions.json
1504714456643	addons.xpi	DEBUG	Registering manifest for C:\Program Files (x86)\Mozilla Firefox\browser\features\screenshots@mozilla.org.xpi
1504714456643	addons.xpi	DEBUG	Loading bootstrap scope from C:\Program Files (x86)\Mozilla Firefox\browser\features\screenshots@mozilla.org.xpi
1504714456646	addons.xpi	DEBUG	Calling bootstrap method startup on screenshots@mozilla.org version 6.6.0
1504714456646	addons.xpi	DEBUG	Registering manifest for C:\Program Files (x86)\Mozilla Firefox\browser\features\webcompat@mozilla.org.xpi
1504714456646	addons.xpi	DEBUG	Loading bootstrap scope from C:\Program Files (x86)\Mozilla Firefox\browser\features\webcompat@mozilla.org.xpi
1504714456648	addons.xpi	DEBUG	Calling bootstrap method startup on webcompat@mozilla.org version 1.1
1504714456656	addons.manager	DEBUG	Registering shutdown blocker for XPIProvider
1504714456656	addons.manager	DEBUG	Provider finished startup: XPIProvider
1504714456656	addons.manager	DEBUG	Starting provider: LightweightThemeManager
1504714456656	addons.manager	DEBUG	Registering shutdown blocker for LightweightThemeManager
1504714456656	addons.manager	DEBUG	Provider finished startup: LightweightThemeManager
1504714456657	addons.manager	DEBUG	Starting provider: GMPProvider
1504714456666	addons.manager	DEBUG	Registering shutdown blocker for GMPProvider
1504714456666	addons.manager	DEBUG	Provider finished startup: GMPProvider
1504714456666	addons.manager	DEBUG	Starting provider: PluginProvider
1504714456666	addons.manager	DEBUG	Registering shutdown blocker for PluginProvider
1504714456667	addons.manager	DEBUG	Provider finished startup: PluginProvider
1504714456667	addons.manager	DEBUG	Completed startup sequence
1504714456994	addons.xpi-utils	DEBUG	Async JSON file read took 0 MS
1504714456994	addons.xpi-utils	DEBUG	Finished async read of XPI database, parsing...
1504714456996	addons.xpi-utils	DEBUG	Successfully read XPI database
1504714457007	addons.manager	DEBUG	Starting provider: &lt;unnamed-provider&gt;
1504714457007	addons.manager	DEBUG	Registering shutdown blocker for &lt;unnamed-provider&gt;
1504714457007	addons.manager	DEBUG	Provider finished startup: &lt;unnamed-provider&gt;
*** Blocklist::_loadBlocklistFromFile: blocklist is disabled
1504714457116	addons.manager	DEBUG	Starting provider: PreviousExperimentProvider
1504714457116	addons.manager	DEBUG	Registering shutdown blocker for PreviousExperimentProvider
1504714457116	addons.manager	DEBUG	Provider finished startup: PreviousExperimentProvider

Build info: version: &#039;2.45.0&#039;, revision: &#039;5017cb8e7ca8e37638dc3091b2440b90a1d8686f&#039;, time: &#039;2015-02-27 09:10:26&#039;
System info: host: &#039;cwksak01&#039;, ip: &#039;10.185.4.150&#039;, os.name: &#039;Windows 7&#039;, os.arch: &#039;x86&#039;, os.version: &#039;6.1&#039;, java.version: &#039;1.8.0_101&#039;
Driver info: driver.version: FirefoxDriver">
      <![CDATA[org.openqa.selenium.WebDriverException: Failed to connect to binary FirefoxBinary(C:\Program Files (x86)\Mozilla Firefox\firefox.exe) on port 7055; process output follows: 
bal":{"{972ce4c6-7e08-4474-a285-3208198ce6fd}":{"d":"C:\\Program Files (x86)\\Mozilla Firefox\\browser\\extensions\\{972ce4c6-7e08-4474-a285-3208198ce6fd}.xpi","e":true,"v":"54.0","st":1496949712000}}}
1504714456616	addons.xpi	DEBUG	No changes found
1504714456624	addons.xpi	DEBUG	Registering manifest for C:\Program Files (x86)\Mozilla Firefox\browser\features\aushelper@mozilla.org.xpi
1504714456625	addons.xpi	DEBUG	Loading bootstrap scope from C:\Program Files (x86)\Mozilla Firefox\browser\features\aushelper@mozilla.org.xpi
1504714456629	addons.xpi	DEBUG	Calling bootstrap method startup on aushelper@mozilla.org version 2.0
1504714456630	addons.xpi	DEBUG	Registering manifest for C:\Program Files (x86)\Mozilla Firefox\browser\features\e10srollout@mozilla.org.xpi
1504714456630	addons.xpi	DEBUG	Loading bootstrap scope from C:\Program Files (x86)\Mozilla Firefox\browser\features\e10srollout@mozilla.org.xpi
1504714456633	addons.xpi	DEBUG	Calling bootstrap method startup on e10srollout@mozilla.org version 1.50
1504714456633	addons.xpi	DEBUG	Registering manifest for C:\Program Files (x86)\Mozilla Firefox\browser\features\firefox@getpocket.com.xpi
1504714456634	addons.xpi	DEBUG	Loading bootstrap scope from C:\Program Files (x86)\Mozilla Firefox\browser\features\firefox@getpocket.com.xpi
1504714456637	addons.xpi	DEBUG	Calling bootstrap method startup on firefox@getpocket.com version 1.0.5
1504714456642	addons.xpi-utils	DEBUG	Starting async load of XPI database C:\Users\AARON~1.KLA\AppData\Local\Temp\anonymous2538404608326529609webdriver-profile\extensions.json
1504714456643	addons.xpi	DEBUG	Registering manifest for C:\Program Files (x86)\Mozilla Firefox\browser\features\screenshots@mozilla.org.xpi
1504714456643	addons.xpi	DEBUG	Loading bootstrap scope from C:\Program Files (x86)\Mozilla Firefox\browser\features\screenshots@mozilla.org.xpi
1504714456646	addons.xpi	DEBUG	Calling bootstrap method startup on screenshots@mozilla.org version 6.6.0
1504714456646	addons.xpi	DEBUG	Registering manifest for C:\Program Files (x86)\Mozilla Firefox\browser\features\webcompat@mozilla.org.xpi
1504714456646	addons.xpi	DEBUG	Loading bootstrap scope from C:\Program Files (x86)\Mozilla Firefox\browser\features\webcompat@mozilla.org.xpi
1504714456648	addons.xpi	DEBUG	Calling bootstrap method startup on webcompat@mozilla.org version 1.1
1504714456656	addons.manager	DEBUG	Registering shutdown blocker for XPIProvider
1504714456656	addons.manager	DEBUG	Provider finished startup: XPIProvider
1504714456656	addons.manager	DEBUG	Starting provider: LightweightThemeManager
1504714456656	addons.manager	DEBUG	Registering shutdown blocker for LightweightThemeManager
1504714456656	addons.manager	DEBUG	Provider finished startup: LightweightThemeManager
1504714456657	addons.manager	DEBUG	Starting provider: GMPProvider
1504714456666	addons.manager	DEBUG	Registering shutdown blocker for GMPProvider
1504714456666	addons.manager	DEBUG	Provider finished startup: GMPProvider
1504714456666	addons.manager	DEBUG	Starting provider: PluginProvider
1504714456666	addons.manager	DEBUG	Registering shutdown blocker for PluginProvider
1504714456667	addons.manager	DEBUG	Provider finished startup: PluginProvider
1504714456667	addons.manager	DEBUG	Completed startup sequence
1504714456994	addons.xpi-utils	DEBUG	Async JSON file read took 0 MS
1504714456994	addons.xpi-utils	DEBUG	Finished async read of XPI database, parsing...
1504714456996	addons.xpi-utils	DEBUG	Successfully read XPI database
1504714457007	addons.manager	DEBUG	Starting provider: <unnamed-provider>
1504714457007	addons.manager	DEBUG	Registering shutdown blocker for <unnamed-provider>
1504714457007	addons.manager	DEBUG	Provider finished startup: <unnamed-provider>
*** Blocklist::_loadBlocklistFromFile: blocklist is disabled
1504714457116	addons.manager	DEBUG	Starting provider: PreviousExperimentProvider
1504714457116	addons.manager	DEBUG	Registering shutdown blocker for PreviousExperimentProvider
1504714457116	addons.manager	DEBUG	Provider finished startup: PreviousExperimentProvider

Build info: version: '2.45.0', revision: '5017cb8e7ca8e37638dc3091b2440b90a1d8686f', time: '2015-02-27 09:10:26'
System info: host: 'cwksak01', ip: '10.185.4.150', os.name: 'Windows 7', os.arch: 'x86', os.version: '6.1', java.version: '1.8.0_101'
Driver info: driver.version: FirefoxDriver
	at org.openqa.selenium.firefox.internal.NewProfileExtensionConnection.start(NewProfileExtensionConnection.java:130)
	at org.openqa.selenium.firefox.FirefoxDriver.startClient(FirefoxDriver.java:246)
	at org.openqa.selenium.remote.RemoteWebDriver.<init>(RemoteWebDriver.java:114)
	at org.openqa.selenium.firefox.FirefoxDriver.<init>(FirefoxDriver.java:191)
	at org.openqa.selenium.firefox.FirefoxDriver.<init>(FirefoxDriver.java:186)
	at org.openqa.selenium.firefox.FirefoxDriver.<init>(FirefoxDriver.java:182)
	at org.openqa.selenium.firefox.FirefoxDriver.<init>(FirefoxDriver.java:95)
	at runTestCases.RunThirdSuite.setUp(RunThirdSuite.java:31)
	at sun.reflect.NativeMethodAccessorImpl.invoke0(Native Method)
	at sun.reflect.NativeMethodAccessorImpl.invoke(Unknown Source)
	at sun.reflect.DelegatingMethodAccessorImpl.invoke(Unknown Source)
	at java.lang.reflect.Method.invoke(Unknown Source)
	at org.testng.internal.MethodInvocationHelper.invokeMethod(MethodInvocationHelper.java:108)
	at org.testng.internal.Invoker.invokeConfigurationMethod(Invoker.java:523)
	at org.testng.internal.Invoker.invokeConfigurations(Invoker.java:224)
	at org.testng.internal.Invoker.invokeConfigurations(Invoker.java:146)
	at org.testng.TestRunner.beforeRun(TestRunner.java:626)
	at org.testng.TestRunner.run(TestRunner.java:594)
	at org.testng.SuiteRunner.runTest(SuiteRunner.java:380)
	at org.testng.SuiteRunner.runSequentially(SuiteRunner.java:375)
	at org.testng.SuiteRunner.privateRun(SuiteRunner.java:340)
	at org.testng.SuiteRunner.run(SuiteRunner.java:289)
	at org.testng.SuiteRunnerWorker.runSuite(SuiteRunnerWorker.java:52)
	at org.testng.SuiteRunnerWorker.run(SuiteRunnerWorker.java:86)
	at org.testng.TestNG.runSuitesSequentially(TestNG.java:1301)
	at org.testng.TestNG.runSuitesLocally(TestNG.java:1226)
	at org.testng.TestNG.runSuites(TestNG.java:1144)
	at org.testng.TestNG.run(TestNG.java:1115)
	at org.apache.maven.surefire.testng.TestNGExecutor.run(TestNGExecutor.java:177)
	at org.apache.maven.surefire.testng.TestNGXmlTestSuite.execute(TestNGXmlTestSuite.java:92)
	at org.apache.maven.surefire.testng.TestNGProvider.invoke(TestNGProvider.java:105)
	at sun.reflect.NativeMethodAccessorImpl.invoke0(Native Method)
	at sun.reflect.NativeMethodAccessorImpl.invoke(Unknown Source)
	at sun.reflect.DelegatingMethodAccessorImpl.invoke(Unknown Source)
	at java.lang.reflect.Method.invoke(Unknown Source)
	at org.apache.maven.surefire.util.ReflectionUtils.invokeMethodWithArray(ReflectionUtils.java:189)
	at org.apache.maven.surefire.booter.ProviderFactory$ProviderProxy.invoke(ProviderFactory.java:165)
	at org.apache.maven.surefire.booter.ProviderFactory.invokeProvider(ProviderFactory.java:85)
	at org.apache.maven.surefire.booter.ForkedBooter.runSuitesInProcess(ForkedBooter.java:103)
	at org.apache.maven.surefire.booter.ForkedBooter.main(ForkedBooter.java:74)
Caused by: org.openqa.selenium.firefox.NotConnectedException: Unable to connect to host 127.0.0.1 on port 7055 after 45000 ms. Firefox console output:
bal":{"{972ce4c6-7e08-4474-a285-3208198ce6fd}":{"d":"C:\\Program Files (x86)\\Mozilla Firefox\\browser\\extensions\\{972ce4c6-7e08-4474-a285-3208198ce6fd}.xpi","e":true,"v":"54.0","st":1496949712000}}}
1504714456616	addons.xpi	DEBUG	No changes found
1504714456624	addons.xpi	DEBUG	Registering manifest for C:\Program Files (x86)\Mozilla Firefox\browser\features\aushelper@mozilla.org.xpi
1504714456625	addons.xpi	DEBUG	Loading bootstrap scope from C:\Program Files (x86)\Mozilla Firefox\browser\features\aushelper@mozilla.org.xpi
1504714456629	addons.xpi	DEBUG	Calling bootstrap method startup on aushelper@mozilla.org version 2.0
1504714456630	addons.xpi	DEBUG	Registering manifest for C:\Program Files (x86)\Mozilla Firefox\browser\features\e10srollout@mozilla.org.xpi
1504714456630	addons.xpi	DEBUG	Loading bootstrap scope from C:\Program Files (x86)\Mozilla Firefox\browser\features\e10srollout@mozilla.org.xpi
1504714456633	addons.xpi	DEBUG	Calling bootstrap method startup on e10srollout@mozilla.org version 1.50
1504714456633	addons.xpi	DEBUG	Registering manifest for C:\Program Files (x86)\Mozilla Firefox\browser\features\firefox@getpocket.com.xpi
1504714456634	addons.xpi	DEBUG	Loading bootstrap scope from C:\Program Files (x86)\Mozilla Firefox\browser\features\firefox@getpocket.com.xpi
1504714456637	addons.xpi	DEBUG	Calling bootstrap method startup on firefox@getpocket.com version 1.0.5
1504714456642	addons.xpi-utils	DEBUG	Starting async load of XPI database C:\Users\AARON~1.KLA\AppData\Local\Temp\anonymous2538404608326529609webdriver-profile\extensions.json
1504714456643	addons.xpi	DEBUG	Registering manifest for C:\Program Files (x86)\Mozilla Firefox\browser\features\screenshots@mozilla.org.xpi
1504714456643	addons.xpi	DEBUG	Loading bootstrap scope from C:\Program Files (x86)\Mozilla Firefox\browser\features\screenshots@mozilla.org.xpi
1504714456646	addons.xpi	DEBUG	Calling bootstrap method startup on screenshots@mozilla.org version 6.6.0
1504714456646	addons.xpi	DEBUG	Registering manifest for C:\Program Files (x86)\Mozilla Firefox\browser\features\webcompat@mozilla.org.xpi
1504714456646	addons.xpi	DEBUG	Loading bootstrap scope from C:\Program Files (x86)\Mozilla Firefox\browser\features\webcompat@mozilla.org.xpi
1504714456648	addons.xpi	DEBUG	Calling bootstrap method startup on webcompat@mozilla.org version 1.1
1504714456656	addons.manager	DEBUG	Registering shutdown blocker for XPIProvider
1504714456656	addons.manager	DEBUG	Provider finished startup: XPIProvider
1504714456656	addons.manager	DEBUG	Starting provider: LightweightThemeManager
1504714456656	addons.manager	DEBUG	Registering shutdown blocker for LightweightThemeManager
1504714456656	addons.manager	DEBUG	Provider finished startup: LightweightThemeManager
1504714456657	addons.manager	DEBUG	Starting provider: GMPProvider
1504714456666	addons.manager	DEBUG	Registering shutdown blocker for GMPProvider
1504714456666	addons.manager	DEBUG	Provider finished startup: GMPProvider
1504714456666	addons.manager	DEBUG	Starting provider: PluginProvider
1504714456666	addons.manager	DEBUG	Registering shutdown blocker for PluginProvider
1504714456667	addons.manager	DEBUG	Provider finished startup: PluginProvider
1504714456667	addons.manager	DEBUG	Completed startup sequence
1504714456994	addons.xpi-utils	DEBUG	Async JSON file read took 0 MS
1504714456994	addons.xpi-utils	DEBUG	Finished async read of XPI database, parsing...
1504714456996	addons.xpi-utils	DEBUG	Successfully read XPI database
1504714457007	addons.manager	DEBUG	Starting provider: <unnamed-provider>
1504714457007	addons.manager	DEBUG	Registering shutdown blocker for <unnamed-provider>
1504714457007	addons.manager	DEBUG	Provider finished startup: <unnamed-provider>
*** Blocklist::_loadBlocklistFromFile: blocklist is disabled
1504714457116	addons.manager	DEBUG	Starting provider: PreviousExperimentProvider
1504714457116	addons.manager	DEBUG	Registering shutdown blocker for PreviousExperimentProvider
1504714457116	addons.manager	DEBUG	Provider finished startup: PreviousExperimentProvider

	at org.openqa.selenium.firefox.internal.NewProfileExtensionConnection.start(NewProfileExtensionConnection.java:118)
	... 39 more
]]>
    </error>
  </testcase> <!-- setUp -->
  <testcase name="fillOutForm" time="0.000" classname="runTestCases.RunThirdSuite">
    <skipped/>
  </testcase> <!-- fillOutForm -->
  <testcase name="fillOutForm" time="0.000" classname="runTestCases.RunThirdSuite">
    <skipped/>
  </testcase> <!-- fillOutForm -->
</testsuite> <!-- runTestCases.RunThirdSuite -->
