<?xml version="1.0" encoding="UTF-8"?>
<!-- Generated by org.testng.reporters.JUnitReportReporter -->
<testsuite skipped="0" hostname="cwksak01" name="runTestCases.TestDragAndDrop" tests="1" failures="0" timestamp="25 Aug 2017 12:15:58 GMT" time="2.576" errors="0">
  <testcase name="dragAndDrop" time="2.576" classname="runTestCases.TestDragAndDrop"/>
</testsuite> <!-- runTestCases.TestDragAndDrop -->
