<?xml version="1.0" encoding="UTF-8"?>
<!-- Generated by org.testng.reporters.JUnitReportReporter -->
<testsuite skipped="0" hostname="cwksak01" name="runTestCases.TestDemoPage" tests="2" failures="0" timestamp="23 Aug 2017 17:52:34 GMT" time="21.391" errors="0">
  <testcase name="testDemoPage" time="17.535" classname="runTestCases.TestDemoPage"/>
  <testcase name="testAppLink" time="3.856" classname="runTestCases.TestDemoPage"/>
</testsuite> <!-- runTestCases.TestDemoPage -->
