<?xml version="1.0" encoding="UTF-8"?>
<!-- Generated by org.testng.reporters.JUnitReportReporter -->
<testsuite skipped="0" hostname="cwksak01" name="testCases.TestingExcel" tests="2" failures="0" timestamp="31 Aug 2017 17:38:43 GMT" time="5.777" errors="0">
  <testcase name="enterLoginInformation" time="3.895" classname="testCases.TestingExcel"/>
  <testcase name="enterLoginInformation" time="1.882" classname="testCases.TestingExcel"/>
</testsuite> <!-- testCases.TestingExcel -->
