<?xml version="1.0" encoding="UTF-8"?>
<!-- Generated by org.testng.reporters.JUnitReportReporter -->
<testsuite skipped="0" hostname="cwksak01" name="runTestCases.RunReactTest" tests="1" failures="0" timestamp="14 Sep 2017 11:08:37 GMT" time="1.057" errors="0">
  <testcase name="fillOutReactForm" time="1.057" classname="runTestCases.RunReactTest"/>
</testsuite> <!-- runTestCases.RunReactTest -->
