<?xml version="1.0" encoding="UTF-8"?>
<!-- Generated by org.testng.reporters.JUnitReportReporter -->
<testsuite skipped="0" hostname="cwksak01" name="runTestCases.RunExcelTestCase" tests="5" failures="0" timestamp="06 Sep 2017 12:57:19 GMT" time="16.325" errors="0">
  <testcase name="runExcelTest" time="2.319" classname="runTestCases.RunExcelTestCase"/>
  <testcase name="runExcelTest" time="1.752" classname="runTestCases.RunExcelTestCase"/>
  <testcase name="runExcelTest" time="1.633" classname="runTestCases.RunExcelTestCase"/>
  <testcase name="leaveAComment" time="6.531" classname="runTestCases.RunExcelTestCase"/>
  <testcase name="leaveAComment" time="4.090" classname="runTestCases.RunExcelTestCase"/>
</testsuite> <!-- runTestCases.RunExcelTestCase -->
