<?xml version="1.0" encoding="UTF-8"?>
<!-- Generated by org.testng.reporters.JUnitReportReporter -->
<testsuite skipped="0" hostname="cwksak01" name="runTestCases.TestDragAndDrop" tests="6" failures="0" timestamp="02 Oct 2017 17:56:09 GMT" time="3.504" errors="0">
  <testcase name="dragAndDrop" time="0.077" classname="runTestCases.TestDragAndDrop"/>
  <testcase name="dragAndDrop2" time="0.041" classname="runTestCases.TestDragAndDrop"/>
  <testcase name="dragAndDrop3" time="0.038" classname="runTestCases.TestDragAndDrop"/>
  <testcase name="dragAndDrop4" time="0.034" classname="runTestCases.TestDragAndDrop"/>
  <testcase name="dragAndDrop5" time="0.038" classname="runTestCases.TestDragAndDrop"/>
  <testcase name="testW3SchoolsDragAndDrop" time="3.276" classname="runTestCases.TestDragAndDrop"/>
</testsuite> <!-- runTestCases.TestDragAndDrop -->
