<?xml version="1.0" encoding="UTF-8"?>
<!-- Generated by org.testng.reporters.JUnitReportReporter -->
<testsuite skipped="0" hostname="cwksak01" name="runTestCases.TestDragAndDrop" tests="6" failures="0" timestamp="28 Sep 2017 16:43:00 GMT" time="3.716" errors="0">
  <testcase name="dragAndDrop" time="0.092" classname="runTestCases.TestDragAndDrop"/>
  <testcase name="dragAndDrop2" time="0.044" classname="runTestCases.TestDragAndDrop"/>
  <testcase name="dragAndDrop3" time="0.040" classname="runTestCases.TestDragAndDrop"/>
  <testcase name="dragAndDrop4" time="0.038" classname="runTestCases.TestDragAndDrop"/>
  <testcase name="dragAndDrop5" time="0.043" classname="runTestCases.TestDragAndDrop"/>
  <testcase name="testW3SchoolsDragAndDrop" time="3.459" classname="runTestCases.TestDragAndDrop"/>
</testsuite> <!-- runTestCases.TestDragAndDrop -->
