<?xml version="1.0" encoding="UTF-8"?>
<!-- Generated by org.testng.reporters.JUnitReportReporter -->
<testsuite skipped="0" hostname="cwksak01" name="runCases.LoginPage" tests="2" failures="0" timestamp="06 Oct 2017 14:33:22 GMT" time="2.514" errors="0">
  <testcase name="verifyLoginPageTitle" time="0.011" classname="runCases.LoginPage"/>
  <testcase name="testLogin" time="2.503" classname="runCases.LoginPage"/>
</testsuite> <!-- runCases.LoginPage -->
