<?xml version="1.0" encoding="UTF-8"?>
<!-- Generated by org.testng.reporters.JUnitReportReporter -->
<testsuite skipped="0" hostname="cwksak01" name="runTestCases.RunExcelTestCase" tests="2" failures="0" timestamp="31 Aug 2017 17:47:08 GMT" time="3.457" errors="0">
  <testcase name="runExcelTest" time="1.631" classname="runTestCases.RunExcelTestCase"/>
  <testcase name="runExcelTest" time="1.826" classname="runTestCases.RunExcelTestCase"/>
</testsuite> <!-- runTestCases.RunExcelTestCase -->
