<?xml version="1.0" encoding="UTF-8"?>
<!-- Generated by org.testng.reporters.JUnitReportReporter -->
<testsuite skipped="0" hostname="cwksak01" name="runTestCases.RunThirdSuite" tests="4" failures="0" timestamp="30 Aug 2017 12:49:34 GMT" time="1.333" errors="0">
  <testcase name="fillOutFirstSection" time="0.595" classname="runTestCases.RunThirdSuite"/>
  <testcase name="fillOutSecondSection" time="0.297" classname="runTestCases.RunThirdSuite"/>
  <testcase name="fillOutThirdSection" time="0.325" classname="runTestCases.RunThirdSuite"/>
  <testcase name="submitForm" time="0.116" classname="runTestCases.RunThirdSuite"/>
</testsuite> <!-- runTestCases.RunThirdSuite -->
