<?xml version="1.0" encoding="UTF-8"?>
<!-- Generated by org.testng.reporters.JUnitReportReporter -->
<testsuite skipped="0" hostname="cwksak01" name="runTestCases.RunExcelTestCase" tests="5" failures="0" timestamp="06 Sep 2017 14:57:28 GMT" time="19.163" errors="0">
  <testcase name="runExcelTest" time="2.808" classname="runTestCases.RunExcelTestCase"/>
  <testcase name="runExcelTest" time="3.266" classname="runTestCases.RunExcelTestCase"/>
  <testcase name="runExcelTest" time="2.238" classname="runTestCases.RunExcelTestCase"/>
  <testcase name="leaveAComment" time="5.502" classname="runTestCases.RunExcelTestCase"/>
  <testcase name="leaveAComment" time="5.349" classname="runTestCases.RunExcelTestCase"/>
</testsuite> <!-- runTestCases.RunExcelTestCase -->
