<?xml version="1.0" encoding="UTF-8"?>
<!-- Generated by org.testng.reporters.JUnitReportReporter -->
<testsuite skipped="0" hostname="cwksak01" name="runTestCases.RunReactTest" tests="1" failures="0" timestamp="21 Sep 2017 11:59:42 GMT" time="4.034" errors="0">
  <testcase name="fillOutReactForm" time="4.034" classname="runTestCases.RunReactTest"/>
</testsuite> <!-- runTestCases.RunReactTest -->
