<?xml version="1.0" encoding="UTF-8"?>
<!-- Generated by org.testng.reporters.JUnitReportReporter -->
<testsuite skipped="0" hostname="cwksak01" name="runTestCases.TestDragAndDrop" tests="6" failures="0" timestamp="06 Sep 2017 12:57:19 GMT" time="5.391" errors="0">
  <testcase name="dragAndDrop" time="0.071" classname="runTestCases.TestDragAndDrop"/>
  <testcase name="dragAndDrop2" time="0.043" classname="runTestCases.TestDragAndDrop"/>
  <testcase name="dragAndDrop3" time="0.041" classname="runTestCases.TestDragAndDrop"/>
  <testcase name="dragAndDrop4" time="0.039" classname="runTestCases.TestDragAndDrop"/>
  <testcase name="dragAndDrop5" time="0.038" classname="runTestCases.TestDragAndDrop"/>
  <testcase name="testW3SchoolsDragAndDrop" time="5.159" classname="runTestCases.TestDragAndDrop"/>
</testsuite> <!-- runTestCases.TestDragAndDrop -->
