<?xml version="1.0" encoding="UTF-8"?>
<!-- Generated by org.testng.reporters.JUnitReportReporter -->
<testsuite skipped="0" hostname="cwksak01" name="runTestCases.RunThirdSuite" tests="2" failures="0" timestamp="06 Sep 2017 17:57:09 GMT" time="2.432" errors="0">
  <testcase name="fillOutForm" time="1.104" classname="runTestCases.RunThirdSuite"/>
  <testcase name="fillOutForm" time="1.328" classname="runTestCases.RunThirdSuite"/>
</testsuite> <!-- runTestCases.RunThirdSuite -->
