<?xml version="1.0" encoding="UTF-8"?>
<!-- Generated by org.testng.reporters.JUnitReportReporter -->
<testsuite skipped="0" hostname="cwksak01" name="runTestCases.RunReactTest" tests="1" failures="0" timestamp="22 Sep 2017 17:18:37 GMT" time="7.945" errors="0">
  <testcase name="fillOutReactForm" time="7.945" classname="runTestCases.RunReactTest"/>
</testsuite> <!-- runTestCases.RunReactTest -->
