<?xml version="1.0" encoding="UTF-8"?>
<!-- Generated by org.testng.reporters.JUnitReportReporter -->
<testsuite skipped="0" hostname="cwksak01" name="runTestCases.RunExcelTestCase" tests="3" failures="0" timestamp="06 Oct 2017 14:26:19 GMT" time="8.096" errors="0">
  <testcase name="runExcelTest" time="2.847" classname="runTestCases.RunExcelTestCase"/>
  <testcase name="runExcelTest" time="3.072" classname="runTestCases.RunExcelTestCase"/>
  <testcase name="runExcelTest" time="2.177" classname="runTestCases.RunExcelTestCase"/>
</testsuite> <!-- runTestCases.RunExcelTestCase -->
