<?xml version="1.0" encoding="UTF-8"?>
<!-- Generated by org.testng.reporters.JUnitReportReporter -->
<testsuite skipped="0" hostname="cwksak01" name="testCases.TestingExcel" tests="2" failures="0" timestamp="31 Aug 2017 14:40:55 GMT" time="15.973" errors="0">
  <testcase name="enterLoginInformation" time="7.828" classname="testCases.TestingExcel"/>
  <testcase name="enterLoginInformation" time="8.145" classname="testCases.TestingExcel"/>
</testsuite> <!-- testCases.TestingExcel -->
