<?xml version="1.0" encoding="UTF-8"?>
<!-- Generated by org.testng.reporters.JUnitReportReporter -->
<testsuite skipped="0" hostname="cwksak01" name="runTestCases.TestDemoPage" tests="2" failures="0" timestamp="06 Sep 2017 14:56:21 GMT" time="40.968" errors="0">
  <testcase name="testDemoPage" time="35.119" classname="runTestCases.TestDemoPage"/>
  <testcase name="testAppLink" time="5.849" classname="runTestCases.TestDemoPage"/>
</testsuite> <!-- runTestCases.TestDemoPage -->
