<?xml version="1.0" encoding="UTF-8"?>
<!-- Generated by org.testng.reporters.JUnitReportReporter -->
<testsuite skipped="0" hostname="cwksak01" name="runTestCases.RunReactTest" tests="1" failures="0" timestamp="22 Sep 2017 18:07:19 GMT" time="6.579" errors="0">
  <testcase name="fillOutReactForm" time="6.579" classname="runTestCases.RunReactTest"/>
</testsuite> <!-- runTestCases.RunReactTest -->
