<?xml version="1.0" encoding="UTF-8" ?>
<testsuite tests="15" failures="0" name="TestSuite" time="45.871" errors="0" skipped="0">
  <properties>
    <property name="PROCESSOR_ARCHITECTURE" value="x86"/>
    <property name="file.encoding.pkg" value="sun.io"/>
    <property name="ProgramData" value="C:\ProgramData"/>
    <property name="java.home" value="C:\ssn_dev\sdks\java\jdk18_u101_x86\jre"/>
    <property name="NODE_NAME" value="master"/>
    <property name="ALLUSERSPROFILE" value="C:\ProgramData"/>
    <property name="java.endorsed.dirs" value="C:\ssn_dev\sdks\java\jdk18_u101_x86\jre\lib\endorsed"/>
    <property name="PSModulePath" value="C:\Windows\system32\WindowsPowerShell\v1.0\Modules\;C:\Program Files (x86)\AutoIt3\AutoItX"/>
    <property name="USERDOMAIN" value="SCREENSCAPE"/>
    <property name="sun.os.patch.level" value="Service Pack 1"/>
    <property name="java.vendor.url" value="http://java.oracle.com/"/>
    <property name="CommonProgramFiles(x86)" value="C:\Program Files (x86)\Common Files"/>
    <property name="java.version" value="1.8.0_101"/>
    <property name="JOB_NAME" value="WebDriverTest"/>
    <property name="COMPUTERNAME" value="CWKSAK01"/>
    <property name="windows_tracing_logfile" value="C:\BVTBin\Tests\installpackage\csilogfile.log"/>
    <property name="GWT_SDK_HOME" value="C:\ssn_dev\sdks\gwt-2.6.1"/>
    <property name="java.vendor.url.bug" value="http://bugreport.sun.com/bugreport/"/>
    <property name="PUBLIC" value="C:\Users\Public"/>
    <property name="user.name" value="CWKSAK01$"/>
    <property name="DellClientSystemUpdatePath" value="C:\Program Files (x86)\Dell\ClientSystemUpdate\"/>
    <property name="sun.io.unicode.encoding" value="UnicodeLittle"/>
    <property name="sun.jnu.encoding" value="Cp1252"/>
    <property name="java.runtime.name" value="Java(TM) SE Runtime Environment"/>
    <property name="windir" value="C:\Windows"/>
    <property name="PROCESSOR_IDENTIFIER" value="Intel64 Family 6 Model 42 Stepping 7, GenuineIntel"/>
    <property name="VIM_HOME" value="C:\ssn_dev\tools\vim"/>
    <property name="java.specification.name" value="Java Platform API Specification"/>
    <property name="LOCALAPPDATA" value="C:\Windows\system32\config\systemprofile\AppData\Local"/>
    <property name="RUN_CHANGES_DISPLAY_URL" value="http://unconfigured-jenkins-location/job/WebDriverTest/14/display/redirect?page=changes"/>
    <property name="user.timezone" value="America/Halifax"/>
    <property name="PROCESSOR_ARCHITEW6432" value="AMD64"/>
    <property name="user.script" value=""/>
    <property name="path.separator" value=";"/>
    <property name="NUMBER_OF_PROCESSORS" value="8"/>
    <property name="BUILD_TAG" value="jenkins-WebDriverTest-14"/>
    <property name="windows_tracing_flags" value="3"/>
    <property name="file.encoding" value="Cp1252"/>
    <property name="VS140COMNTOOLS" value="C:\Program Files (x86)\Microsoft Visual Studio 14.0\Common7\Tools\"/>
    <property name="sun.java.command" value="jenkins.maven3.agent.Maven35Main C:\Program Files\Maven C:\Program Files (x86)\Jenkins\war\WEB-INF\lib\remoting-3.7.jar C:\Program Files (x86)\Jenkins\plugins\maven-plugin\WEB-INF\lib\maven35-interceptor-1.11.jar C:\Program Files (x86)\Jenkins\plugins\maven-plugin\WEB-INF\lib\maven3-interceptor-commons-1.11.jar 62903"/>
    <property name="JENKINS_SERVER_COOKIE" value="6324c82fdd3c57b7"/>
    <property name="GCC_HOME" value="C:\MinGW"/>
    <property name="EXECUTOR_NUMBER" value="1"/>
    <property name="SSN_DEV_HOME" value="C:\ssn_dev"/>
    <property name="Path" value="C:\ssn_dev\sdks\java\jdk18_u101_x86/bin;C:\ssn_dev;C:\Users\aaron.klassen\AppData\Local\Android\android-sdk\platform-tools;C:\ssnqa\Selenium\apache-ant-1.10.1-bin\apache-ant-1.10.1\bin;C:\ssn_dev\tools\bash\bin;C:\ssn_dev\tools\groovy-2.4.6\bin;C:\ssn_dev\tools\gradle-3.4.1\bin;C:\ssn_dev\sdks\gwt-2.6.1\bin;C:\ssn_dev\tools\vim;C:\ssn_dev\sdks\java\jdk18_u101_x86\bin;C:\ProgramData\Oracle\Java\javapath;C:\Program Files\Common Files\Microsoft Shared\Windows Live;C:\Program Files (x86)\Common Files\Microsoft Shared\Windows Live;C:\Windows\system32;C:\Windows;C:\Windows\System32\Wbem;C:\Windows\System32\WindowsPowerShell\v1.0\;c:\Program Files (x86)\ATI Technologies\ATI.ACE\Core-Static;C:\Program Files (x86)\Intel\Services\IPT\;C:\Program Files (x86)\NTRU Cryptosystems\NTRU TCG Software Stack\bin\;C:\Program Files\NTRU Cryptosystems\NTRU TCG Software Stack\bin\;C:\Program Files\Dell\Dell Data Protection\Access\Advanced\Wave\Gemalto\Access Client\v5\;C:\Program Files (x86)\Windows Live\Shared;C:\Program Files (x86)\QuickTime\QTSystem\;C:\Program Files\TortoiseSVN\bin;C:\Program Files\Git\cmd;C:\Program Files (x86)\nodejs\;C:\Program Files (x86)\Windows Kits\8.1\Windows Performance Toolkit\;C:\Program Files\TortoiseGit\bin;C:\Program Files\Maven\bin;"/>
    <property name="WINSW_SERVICE_ID" value="Jenkins"/>
    <property name="BASE" value="C:\Program Files (x86)\Jenkins"/>
    <property name="GROOVY_HOME" value="C:\ssn_dev\tools\groovy-2.4.6"/>
    <property name="java.io.tmpdir" value="C:\Windows\TEMP\"/>
    <property name="APPDATA" value="C:\Windows\system32\config\systemprofile\AppData\Roaming"/>
    <property name="user.language" value="en"/>
    <property name="line.separator" value="
"/>
    <property name="M2_HOME" value="C:\Program Files\Maven"/>
    <property name="ANDROID_SDK_TOOLS" value="C:\Users\aaron.klassen\AppData\Local\Android\android-sdk\platform-tools"/>
    <property name="java.vm.info" value="mixed mode, sharing"/>
    <property name="sun.desktop" value="windows"/>
    <property name="java.vm.specification.name" value="Java Virtual Machine Specification"/>
    <property name="BUILD_DISPLAY_NAME" value="#14"/>
    <property name="OS" value="Windows_NT"/>
    <property name="guice.disable.misplaced.annotation.check" value="true"/>
    <property name="HUDSON_SERVER_COOKIE" value="6324c82fdd3c57b7"/>
    <property name="TESTNG_HOME" value="C:\TestNG"/>
    <property name="MAVEN_HOME" value="C:\Program Files\Maven"/>
    <property name="PATHEXT" value=".COM;.EXE;.BAT;.CMD;.VBS;.VBE;.JS;.JSE;.WSF;.WSH;.MSC"/>
    <property name="java.awt.printerjob" value="sun.awt.windows.WPrinterJob"/>
    <property name="maven3.interceptor.common" value="C:\Program Files (x86)\Jenkins\plugins\maven-plugin\WEB-INF\lib\maven3-interceptor-commons-1.11.jar"/>
    <property name="CLASSPATH" value=""/>
    <property name="GRADLE_USER_HOME_FLEX" value="c:\ssn_dev\src\buildsupport\localdev\trunk_flex"/>
    <property name="ORIG_PATH" value="C:\Program Files\Common Files\Microsoft Shared\Windows Live;C:\Program Files (x86)\Common Files\Microsoft Shared\Windows Live;C:\Windows\system32;C:\Windows;C:\Windows\System32\Wbem;C:\Windows\System32\WindowsPowerShell\v1.0\;c:\Program Files (x86)\ATI Technologies\ATI.ACE\Core-Static;C:\Program Files (x86)\Intel\Services\IPT\;C:\Program Files (x86)\NTRU Cryptosystems\NTRU TCG Software Stack\bin\;C:\Program Files\NTRU Cryptosystems\NTRU TCG Software Stack\bin\;C:\Program Files\Dell\Dell Data Protection\Access\Advanced\Wave\Gemalto\Access Client\v5\;C:\Program Files (x86)\Windows Live\Shared;C:\Program Files (x86)\QuickTime\QTSystem\;C:\Program Files\TortoiseSVN\bin"/>
    <property name="os.name" value="Windows 7"/>
    <property name="java.specification.vendor" value="Oracle Corporation"/>
    <property name="FP_NO_HOST_CHECK" value="NO"/>
    <property name="java.vm.name" value="Java HotSpot(TM) Client VM"/>
    <property name="BUILD_NUMBER" value="14"/>
    <property name="maven3.interceptor" value="C:\Program Files (x86)\Jenkins\plugins\maven-plugin\WEB-INF\lib\maven35-interceptor-1.11.jar"/>
    <property name="java.library.path" value="C:\ssn_dev\sdks\java\jdk18_u101_x86\bin;C:\Windows\Sun\Java\bin;C:\Windows\system32;C:\Windows;C:\Program Files\Maven/bin;C:\ssn_dev\sdks\java\jdk18_u101_x86/bin;C:\ssn_dev\sdks\java\jdk18_u101_x86/bin;C:\ssn_dev;C:\Users\aaron.klassen\AppData\Local\Android\android-sdk\platform-tools;C:\ssnqa\Selenium\apache-ant-1.10.1-bin\apache-ant-1.10.1\bin;C:\ssn_dev\tools\bash\bin;C:\ssn_dev\tools\groovy-2.4.6\bin;C:\ssn_dev\tools\gradle-3.4.1\bin;C:\ssn_dev\sdks\gwt-2.6.1\bin;C:\ssn_dev\tools\vim;C:\ssn_dev\sdks\java\jdk18_u101_x86\bin;C:\ProgramData\Oracle\Java\javapath;C:\Program Files\Common Files\Microsoft Shared\Windows Live;C:\Program Files (x86)\Common Files\Microsoft Shared\Windows Live;C:\Windows\system32;C:\Windows;C:\Windows\System32\Wbem;C:\Windows\System32\WindowsPowerShell\v1.0\;c:\Program Files (x86)\ATI Technologies\ATI.ACE\Core-Static;C:\Program Files (x86)\Intel\Services\IPT\;C:\Program Files (x86)\NTRU Cryptosystems\NTRU TCG Software Stack\bin\;C:\Program Files\NTRU Cryptosystems\NTRU TCG Software Stack\bin\;C:\Program Files\Dell\Dell Data Protection\Access\Advanced\Wave\Gemalto\Access Client\v5\;C:\Program Files (x86)\Windows Live\Shared;C:\Program Files (x86)\QuickTime\QTSystem\;C:\Program Files\TortoiseSVN\bin;C:\Program Files\Git\cmd;C:\Program Files (x86)\nodejs\;C:\Program Files (x86)\Windows Kits\8.1\Windows Performance Toolkit\;C:\Program Files\TortoiseGit\bin;C:\Program Files\Maven\bin;;."/>
    <property name="WINSW_EXECUTABLE" value="C:\Program Files (x86)\Jenkins\jenkins.exe"/>
    <property name="GRADLE_HOME" value="C:\ssn_dev\tools\gradle-3.4.1"/>
    <property name="POM_GROUPID" value="WebDriverTest"/>
    <property name="POM_ARTIFACTID" value="WebDriverTest"/>
    <property name="java.class.version" value="52.0"/>
    <property name="ANT_HOME" value="C:\ssnqa\Selenium\apache-ant-1.10.1-bin\apache-ant-1.10.1"/>
    <property name="GRADLE_USER_HOME_JAVA" value="c:\ssn_dev\src\buildsupport\localdev\trunk_java"/>
    <property name="RUN_DISPLAY_URL" value="http://unconfigured-jenkins-location/job/WebDriverTest/14/display/redirect"/>
    <property name="JENKINS_HOME" value="C:\Program Files (x86)\Jenkins"/>
    <property name="BUILD_ID" value="14"/>
    <property name="TEMP" value="C:\Windows\TEMP"/>
    <property name="sun.boot.library.path" value="C:\ssn_dev\sdks\java\jdk18_u101_x86\jre\bin"/>
    <property name="JAVA_HOME_OLD" value="C:\ssn_dev\sdks\java\jdk7_x86"/>
    <property name="sun.management.compiler" value="HotSpot Client Compiler"/>
    <property name="java.awt.graphicsenv" value="sun.awt.Win32GraphicsEnvironment"/>
    <property name="user.variant" value=""/>
    <property name="PROCESSOR_REVISION" value="2a07"/>
    <property name="POM_VERSION" value="0.0.1-SNAPSHOT"/>
    <property name="FLEX_LEGACY_HOME" value="C:\ssn_dev\sdks\flex\3.6.0_AIR_3.0_overlaid"/>
    <property name="HUDSON_HOME" value="C:\Program Files (x86)\Jenkins"/>
    <property name="ProgramFiles(x86)" value="C:\Program Files (x86)"/>
    <property name="PATH+MAVEN" value="C:\Program Files\Maven/bin"/>
    <property name="java.vm.specification.version" value="1.8"/>
    <property name="JAVA_HOME" value="C:\ssn_dev\sdks\java\jdk18_u101_x86"/>
    <property name="awt.toolkit" value="sun.awt.windows.WToolkit"/>
    <property name="NODE_LABELS" value="master"/>
    <property name="sun.cpu.isalist" value="pentium_pro+mmx pentium_pro pentium+mmx pentium i486 i386 i86"/>
    <property name="USERPROFILE" value="C:\Windows\system32\config\systemprofile"/>
    <property name="JOB_DISPLAY_URL" value="http://unconfigured-jenkins-location/job/WebDriverTest/display/redirect"/>
    <property name="java.ext.dirs" value="C:\ssn_dev\sdks\java\jdk18_u101_x86\jre\lib\ext;C:\Windows\Sun\Java\lib\ext"/>
    <property name="os.version" value="6.1"/>
    <property name="user.home" value="C:\Windows\system32\config\systemprofile"/>
    <property name="USERNAME" value="CWKSAK01$"/>
    <property name="java.vm.vendor" value="Oracle Corporation"/>
    <property name="PROCESSOR_LEVEL" value="6"/>
    <property name="CommonProgramW6432" value="C:\Program Files\Common Files"/>
    <property name="user.dir" value="C:\ssnqa\regression\WebDriverTestGit"/>
    <property name="maven.conf" value="C:\Program Files\Maven\conf"/>
    <property name="ProgramW6432" value="C:\Program Files"/>
    <property name="TMP" value="C:\Windows\TEMP"/>
    <property name="sun.cpu.endian" value="little"/>
    <property name="SystemDrive" value="C:"/>
    <property name="java.vm.version" value="25.101-b13"/>
    <property name="java.class.path" value="C:\Program Files (x86)\Jenkins\plugins\maven-plugin\WEB-INF\lib\maven35-agent-1.11.jar;C:\Program Files\Maven\boot\plexus-classworlds-2.5.2.jar;C:\Program Files\Maven/conf/logging"/>
    <property name="org.slf4j.simpleLogger.defaultLogLevel" value="info"/>
    <property name="os.arch" value="x86"/>
    <property name="WORKSPACE" value="C:\Program Files (x86)\Jenkins\workspace\WebDriverTest"/>
    <property name="ComSpec" value="C:\Windows\system32\cmd.exe"/>
    <property name="sun.java.launcher" value="SUN_STANDARD"/>
    <property name="SERVICE_ID" value="Jenkins"/>
    <property name="SystemRoot" value="C:\Windows"/>
    <property name="CommonProgramFiles" value="C:\Program Files (x86)\Common Files"/>
    <property name="java.vm.specification.vendor" value="Oracle Corporation"/>
    <property name="file.separator" value="\"/>
    <property name="java.runtime.version" value="1.8.0_101-b13"/>
    <property name="ProgramFiles" value="C:\Program Files (x86)"/>
    <property name="sun.boot.class.path" value="C:\ssn_dev\sdks\java\jdk18_u101_x86\jre\lib\resources.jar;C:\ssn_dev\sdks\java\jdk18_u101_x86\jre\lib\rt.jar;C:\ssn_dev\sdks\java\jdk18_u101_x86\jre\lib\sunrsasign.jar;C:\ssn_dev\sdks\java\jdk18_u101_x86\jre\lib\jsse.jar;C:\ssn_dev\sdks\java\jdk18_u101_x86\jre\lib\jce.jar;C:\ssn_dev\sdks\java\jdk18_u101_x86\jre\lib\charsets.jar;C:\ssn_dev\sdks\java\jdk18_u101_x86\jre\lib\jfr.jar;C:\ssn_dev\sdks\java\jdk18_u101_x86\jre\classes"/>
    <property name="BASH_HOME" value="C:\ssn_dev\tools\bash"/>
    <property name="PATH+JDK" value="C:\ssn_dev\sdks\java\jdk18_u101_x86/bin"/>
    <property name="user.country" value="CA"/>
    <property name="PAYMENTECH_HOME" value="C:\ssn_dev\sdks\paymentech\PaymentechSDK"/>
    <property name="POM_PACKAGING" value="jar"/>
    <property name="maven.home" value="C:\Program Files\Maven"/>
    <property name="JOB_BASE_NAME" value="WebDriverTest"/>
    <property name="GRADLE_OPTS" value="-Dorg.gradle.daemon=true -Dorg.gradle.jvmargs=-Xmx512m -XX:MaxPermSize=512m"/>
    <property name="HOME" value="C:\ssn_dev\tools"/>
    <property name="java.vendor" value="Oracle Corporation"/>
    <property name="FLEX_HOME" value="C:\ssn_dev\sdks\flex\3.6.0_AIR_3.0_overlaid"/>
    <property name="QTJAVA" value="C:\Program Files (x86)\Java\jre7\lib\ext\QTJava.zip"/>
    <property name="POM_DISPLAYNAME" value="WebDriverTest"/>
    <property name="java.specification.version" value="1.8"/>
    <property name="sun.arch.data.model" value="32"/>
  </properties>
  <testcase classname="runTestCases.TestDemoPage" name="testDemoPage" time="19.65"/>
  <testcase classname="runTestCases.TestDemoPage" name="testAppLink" time="3.281"/>
  <testcase classname="runTestCases.TestDragAndDrop" name="dragAndDrop" time="0.068"/>
  <testcase classname="runTestCases.TestDragAndDrop" name="dragAndDrop2" time="0.038"/>
  <testcase classname="runTestCases.TestDragAndDrop" name="dragAndDrop3" time="0.035"/>
  <testcase classname="runTestCases.TestDragAndDrop" name="dragAndDrop4" time="0.036"/>
  <testcase classname="runTestCases.TestDragAndDrop" name="dragAndDrop5" time="0.036"/>
  <testcase classname="runTestCases.TestDragAndDrop" name="testW3SchoolsDragAndDrop" time="3.4"/>
  <testcase classname="runTestCases.RunThirdSuite" name="fillOutForm" time="1.279"/>
  <testcase classname="runTestCases.RunThirdSuite" name="fillOutForm" time="1.053"/>
  <testcase classname="runTestCases.RunExcelTestCase" name="runExcelTest" time="1.754"/>
  <testcase classname="runTestCases.RunExcelTestCase" name="runExcelTest" time="3.318"/>
  <testcase classname="runTestCases.RunExcelTestCase" name="runExcelTest" time="3.633"/>
  <testcase classname="runTestCases.RunExcelTestCase" name="leaveAComment" time="4.854"/>
  <testcase classname="runTestCases.RunExcelTestCase" name="leaveAComment" time="3.436"/>
</testsuite>