<?xml version="1.0" encoding="UTF-8" ?>
<testsuite tests="15" failures="0" name="TestSuite" time="41.577" errors="0" skipped="0">
  <properties>
    <property name="java.runtime.name" value="Java(TM) SE Runtime Environment"/>
    <property name="sun.boot.library.path" value="C:\ssn_dev\sdks\java\jdk18_u101_x86\jre\bin"/>
    <property name="java.vm.version" value="25.101-b13"/>
    <property name="java.vm.vendor" value="Oracle Corporation"/>
    <property name="maven.multiModuleProjectDirectory" value="C:\ssnqa\regression\WebDriverTestGit"/>
    <property name="java.vendor.url" value="http://java.oracle.com/"/>
    <property name="path.separator" value=";"/>
    <property name="guice.disable.misplaced.annotation.check" value="true"/>
    <property name="java.vm.name" value="Java HotSpot(TM) Client VM"/>
    <property name="file.encoding.pkg" value="sun.io"/>
    <property name="user.script" value=""/>
    <property name="user.country" value="CA"/>
    <property name="sun.java.launcher" value="SUN_STANDARD"/>
    <property name="sun.os.patch.level" value="Service Pack 1"/>
    <property name="java.vm.specification.name" value="Java Virtual Machine Specification"/>
    <property name="user.dir" value="C:\ssnqa\regression\WebDriverTestGit"/>
    <property name="java.runtime.version" value="1.8.0_101-b13"/>
    <property name="java.awt.graphicsenv" value="sun.awt.Win32GraphicsEnvironment"/>
    <property name="java.endorsed.dirs" value="C:\ssn_dev\sdks\java\jdk18_u101_x86\jre\lib\endorsed"/>
    <property name="os.arch" value="x86"/>
    <property name="java.io.tmpdir" value="C:\Users\AARON~1.KLA\AppData\Local\Temp\"/>
    <property name="line.separator" value="
"/>
    <property name="java.vm.specification.vendor" value="Oracle Corporation"/>
    <property name="user.variant" value=""/>
    <property name="os.name" value="Windows 7"/>
    <property name="classworlds.conf" value="C:\Program Files\Maven\bin\..\bin\m2.conf"/>
    <property name="sun.jnu.encoding" value="Cp1252"/>
    <property name="java.library.path" value="C:\ssn_dev\sdks\java\jdk18_u101_x86\bin;C:\Windows\Sun\Java\bin;C:\Windows\system32;C:\Windows;C:\ssn_dev;C:\Users\aaron.klassen\AppData\Local\Android\android-sdk\platform-tools;C:\ssnqa\Selenium\apache-ant-1.10.1-bin\apache-ant-1.10.1\bin;C:\ssn_dev\tools\bash\bin;C:\ssn_dev\tools\groovy-2.4.6\bin;C:\ssn_dev\tools\gradle-3.4.1\bin;C:\ssn_dev\sdks\gwt-2.6.1\bin;C:\ssn_dev\tools\vim;C:\ssn_dev\sdks\java\jdk18_u101_x86\bin;C:\ProgramData\Oracle\Java\javapath;C:\Program Files\Common Files\Microsoft Shared\Windows Live;C:\Program Files (x86)\Common Files\Microsoft Shared\Windows Live;C:\Windows\system32;C:\Windows;C:\Windows\System32\Wbem;C:\Windows\System32\WindowsPowerShell\v1.0\;c:\Program Files (x86)\ATI Technologies\ATI.ACE\Core-Static;C:\Program Files (x86)\Intel\Services\IPT\;C:\Program Files (x86)\NTRU Cryptosystems\NTRU TCG Software Stack\bin\;C:\Program Files\NTRU Cryptosystems\NTRU TCG Software Stack\bin\;C:\Program Files\Dell\Dell Data Protection\Access\Advanced\Wave\Gemalto\Access Client\v5\;C:\Program Files (x86)\Windows Live\Shared;C:\Program Files (x86)\QuickTime\QTSystem\;C:\Program Files\TortoiseSVN\bin;C:\Program Files\Git\cmd;C:\Program Files (x86)\nodejs\;C:\Program Files (x86)\Windows Kits\8.1\Windows Performance Toolkit\;C:\Program Files\TortoiseGit\bin;C:\Program Files\Maven\bin;C:\Users\aaron.klassen\AppData\Roaming\npm;C:\Users\aaron.klassen\AppData\Local\atom\bin;."/>
    <property name="maven.conf" value="C:\Program Files\Maven\bin\../conf"/>
    <property name="java.specification.name" value="Java Platform API Specification"/>
    <property name="java.class.version" value="52.0"/>
    <property name="sun.management.compiler" value="HotSpot Client Compiler"/>
    <property name="os.version" value="6.1"/>
    <property name="library.jansi.path" value="C:\Program Files\Maven\bin\..\lib\jansi-native\windows32"/>
    <property name="user.home" value="C:\Users\aaron.klassen"/>
    <property name="user.timezone" value="America/Halifax"/>
    <property name="java.awt.printerjob" value="sun.awt.windows.WPrinterJob"/>
    <property name="java.specification.version" value="1.8"/>
    <property name="file.encoding" value="Cp1252"/>
    <property name="user.name" value="aaron.klassen"/>
    <property name="java.class.path" value="C:\Program Files\Maven\bin\..\boot\plexus-classworlds-2.5.2.jar"/>
    <property name="java.vm.specification.version" value="1.8"/>
    <property name="sun.arch.data.model" value="32"/>
    <property name="java.home" value="C:\ssn_dev\sdks\java\jdk18_u101_x86\jre"/>
    <property name="sun.java.command" value="org.codehaus.plexus.classworlds.launcher.Launcher clean test"/>
    <property name="java.specification.vendor" value="Oracle Corporation"/>
    <property name="user.language" value="en"/>
    <property name="awt.toolkit" value="sun.awt.windows.WToolkit"/>
    <property name="java.vm.info" value="mixed mode, sharing"/>
    <property name="java.version" value="1.8.0_101"/>
    <property name="java.ext.dirs" value="C:\ssn_dev\sdks\java\jdk18_u101_x86\jre\lib\ext;C:\Windows\Sun\Java\lib\ext"/>
    <property name="sun.boot.class.path" value="C:\ssn_dev\sdks\java\jdk18_u101_x86\jre\lib\resources.jar;C:\ssn_dev\sdks\java\jdk18_u101_x86\jre\lib\rt.jar;C:\ssn_dev\sdks\java\jdk18_u101_x86\jre\lib\sunrsasign.jar;C:\ssn_dev\sdks\java\jdk18_u101_x86\jre\lib\jsse.jar;C:\ssn_dev\sdks\java\jdk18_u101_x86\jre\lib\jce.jar;C:\ssn_dev\sdks\java\jdk18_u101_x86\jre\lib\charsets.jar;C:\ssn_dev\sdks\java\jdk18_u101_x86\jre\lib\jfr.jar;C:\ssn_dev\sdks\java\jdk18_u101_x86\jre\classes"/>
    <property name="sun.stderr.encoding" value="cp850"/>
    <property name="java.vendor" value="Oracle Corporation"/>
    <property name="maven.home" value="C:\Program Files\Maven\bin\.."/>
    <property name="file.separator" value="\"/>
    <property name="java.vendor.url.bug" value="http://bugreport.sun.com/bugreport/"/>
    <property name="sun.cpu.endian" value="little"/>
    <property name="sun.io.unicode.encoding" value="UnicodeLittle"/>
    <property name="sun.stdout.encoding" value="cp850"/>
    <property name="sun.desktop" value="windows"/>
    <property name="sun.cpu.isalist" value="pentium_pro+mmx pentium_pro pentium+mmx pentium i486 i386 i86"/>
  </properties>
  <testcase classname="runTestCases.TestDemoPage" name="testDemoPage" time="17.69"/>
  <testcase classname="runTestCases.TestDemoPage" name="testAppLink" time="3.147"/>
  <testcase classname="runTestCases.TestDragAndDrop" name="dragAndDrop" time="0.068"/>
  <testcase classname="runTestCases.TestDragAndDrop" name="dragAndDrop2" time="0.038"/>
  <testcase classname="runTestCases.TestDragAndDrop" name="dragAndDrop3" time="0.034"/>
  <testcase classname="runTestCases.TestDragAndDrop" name="dragAndDrop4" time="0.037"/>
  <testcase classname="runTestCases.TestDragAndDrop" name="dragAndDrop5" time="0.035"/>
  <testcase classname="runTestCases.TestDragAndDrop" name="testW3SchoolsDragAndDrop" time="4.051"/>
  <testcase classname="runTestCases.RunThirdSuite" name="fillOutForm" time="1.297"/>
  <testcase classname="runTestCases.RunThirdSuite" name="fillOutForm" time="1.066"/>
  <testcase classname="runTestCases.RunExcelTestCase" name="runExcelTest" time="2.205"/>
  <testcase classname="runTestCases.RunExcelTestCase" name="runExcelTest" time="1.549"/>
  <testcase classname="runTestCases.RunExcelTestCase" name="runExcelTest" time="2.206"/>
  <testcase classname="runTestCases.RunExcelTestCase" name="leaveAComment" time="4.615"/>
  <testcase classname="runTestCases.RunExcelTestCase" name="leaveAComment" time="3.539"/>
</testsuite>